[{"useNaturalConf":true,"startTime":"Jan 1, 2024, 2:12:16 PM","endTime":"Jan 1, 2024, 2:12:54 PM","status":"FAIL","level":0,"isLeaf":false,"name":"Test 17, Test 18, Test 19, Test 20 and Test 21","description":"  As an User, I want to check\n  Test Case 17 Remove Products From Cart\n  Test Case 18 View Category Products\n  Test Case 19 View \u0026 Cart Brand Products\n  Test Case 20 Search Products and Verify Cart After Login\n  Test Case 21 Add review on product","bddType":"com.aventstack.extentreports.gherkin.model.Feature","infoMap":{},"children":[{"useNaturalConf":true,"startTime":"Jan 1, 2024, 2:12:16 PM","endTime":"Jan 1, 2024, 2:12:54 PM","status":"FAIL","level":1,"isLeaf":false,"name":"Test Case 19 View \u0026 Cart Brand Products","description":"","bddType":"com.aventstack.extentreports.gherkin.model.Scenario","infoMap":{},"children":[{"useNaturalConf":true,"startTime":"Jan 1, 2024, 2:12:22 PM","endTime":"Jan 1, 2024, 2:12:22 PM","status":"PASS","level":2,"isLeaf":true,"name":"Given I launch the browser","description":"com.automation.exercise.steps.Test1To5Steps.iLaunchTheBrowser()","bddType":"com.aventstack.extentreports.gherkin.model.Given","infoMap":{},"children":[],"logs":[{"timestamp":"Jan 1, 2024, 2:12:22 PM","status":"PASS","details":"","seq":0,"infoMap":{}}],"media":[],"exceptions":[],"authorSet":[],"categorySet":[],"deviceSet":[],"generatedLog":[]},{"useNaturalConf":true,"startTime":"Jan 1, 2024, 2:12:22 PM","endTime":"Jan 1, 2024, 2:12:22 PM","status":"PASS","level":2,"isLeaf":true,"name":"And I navigate to given url","description":"com.automation.exercise.steps.Test1To5Steps.iNavigateToGivenUrl()","bddType":"com.aventstack.extentreports.gherkin.model.And","infoMap":{},"children":[],"logs":[{"timestamp":"Jan 1, 2024, 2:12:22 PM","status":"PASS","details":"","seq":0,"infoMap":{}}],"media":[],"exceptions":[],"authorSet":[],"categorySet":[],"deviceSet":[],"generatedLog":[]},{"useNaturalConf":true,"startTime":"Jan 1, 2024, 2:12:22 PM","endTime":"Jan 1, 2024, 2:12:22 PM","status":"PASS","level":2,"isLeaf":true,"name":"And I verify that home page is visible successfully","description":"com.automation.exercise.steps.Test1To5Steps.iVerifyThatHomePageIsVisibleSuccessfully()","bddType":"com.aventstack.extentreports.gherkin.model.And","infoMap":{},"children":[],"logs":[{"timestamp":"Jan 1, 2024, 2:12:22 PM","status":"PASS","details":"","seq":0,"infoMap":{}}],"media":[],"exceptions":[],"authorSet":[],"categorySet":[],"deviceSet":[],"generatedLog":[]},{"useNaturalConf":true,"startTime":"Jan 1, 2024, 2:12:22 PM","endTime":"Jan 1, 2024, 2:12:22 PM","status":"PASS","level":2,"isLeaf":true,"name":"When I click on Products \u0027Products\u0027 button","description":"com.automation.exercise.steps.Test6To11Steps.iClickOnProductsProductsButton(java.lang.String)","bddType":"com.aventstack.extentreports.gherkin.model.When","infoMap":{},"children":[],"logs":[{"timestamp":"Jan 1, 2024, 2:12:22 PM","status":"PASS","details":"","seq":0,"infoMap":{}}],"media":[],"exceptions":[],"authorSet":[],"categorySet":[],"deviceSet":[],"generatedLog":[]},{"useNaturalConf":true,"startTime":"Jan 1, 2024, 2:12:22 PM","endTime":"Jan 1, 2024, 2:12:22 PM","status":"PASS","level":2,"isLeaf":true,"name":"And I verify that Brands are visible on left side bar","description":"com.automation.exercise.steps.Test17To21Steps.iVerifyThatBrandsAreVisibleOnLeftSideBar()","bddType":"com.aventstack.extentreports.gherkin.model.And","infoMap":{},"children":[],"logs":[{"timestamp":"Jan 1, 2024, 2:12:22 PM","status":"PASS","details":"","seq":0,"infoMap":{}}],"media":[],"exceptions":[],"authorSet":[],"categorySet":[],"deviceSet":[],"generatedLog":[]},{"useNaturalConf":true,"startTime":"Jan 1, 2024, 2:12:22 PM","endTime":"Jan 1, 2024, 2:12:42 PM","status":"PASS","level":2,"isLeaf":true,"name":"And I click on \"Babyhug\" brand name","description":"com.automation.exercise.steps.Test17To21Steps.iClickOnBrandName(java.lang.String)","bddType":"com.aventstack.extentreports.gherkin.model.And","infoMap":{},"children":[],"logs":[{"timestamp":"Jan 1, 2024, 2:12:42 PM","status":"PASS","details":"","seq":0,"infoMap":{}}],"media":[],"exceptions":[],"authorSet":[],"categorySet":[],"deviceSet":[],"generatedLog":[]},{"useNaturalConf":true,"startTime":"Jan 1, 2024, 2:12:42 PM","endTime":"Jan 1, 2024, 2:12:54 PM","status":"FAIL","level":2,"isLeaf":true,"name":"And I verify that user is navigated to brand page \"TEXT\"","description":"com.automation.exercise.steps.Test17To21Steps.iVerifyThatUserIsNavigatedToBrandPage(java.lang.String)","bddType":"com.aventstack.extentreports.gherkin.model.And","infoMap":{},"children":[],"logs":[{"timestamp":"Jan 1, 2024, 2:12:54 PM","status":"FAIL","details":"","seq":0,"infoMap":{},"exception":{"exception":{"extraInfo":{"Driver info":"org.openqa.selenium.chrome.ChromeDriver","Command":"[500dbc46f7692decaeeaf951fd73fd5a, findElement {using\u003dxpath, value\u003d//h2[normalize-space()\u003d\u0027Brand - Babyhug Products\u0027]}]","Capabilities":"Capabilities {acceptInsecureCerts: false, browserName: chrome, browserVersion: 120.0.6099.130, chrome: {chromedriverVersion: 120.0.6099.109 (3419140ab66..., userDataDir: C:\\Users\\imsky\\AppData\\Loca...}, fedcm:accounts: true, goog:chromeOptions: {debuggerAddress: localhost:63783}, networkConnectionEnabled: false, pageLoadStrategy: normal, platformName: windows, proxy: Proxy(), se:cdp: ws://localhost:63783/devtoo..., se:cdpVersion: 120.0.6099.130, setWindowRect: true, strictFileInteractability: false, timeouts: {implicit: 0, pageLoad: 300000, script: 30000}, unhandledPromptBehavior: dismiss and notify, webauthn:extension:credBlob: true, webauthn:extension:largeBlob: true, webauthn:extension:minPinLength: true, webauthn:extension:prf: true, webauthn:virtualAuthenticators: true}","Session ID":"500dbc46f7692decaeeaf951fd73fd5a"},"detailMessage":"no such window: target window already closed\nfrom unknown error: web view not found\n  (Session info: chrome\u003d120.0.6099.130)","stackTrace":[{"moduleName":"java.base","moduleVersion":"17.0.8","declaringClass":"jdk.internal.reflect.NativeConstructorAccessorImpl","methodName":"newInstance0","fileName":"NativeConstructorAccessorImpl.java","lineNumber":-2,"format":2},{"moduleName":"java.base","moduleVersion":"17.0.8","declaringClass":"jdk.internal.reflect.NativeConstructorAccessorImpl","methodName":"newInstance","fileName":"NativeConstructorAccessorImpl.java","lineNumber":77,"format":2},{"moduleName":"java.base","moduleVersion":"17.0.8","declaringClass":"jdk.internal.reflect.DelegatingConstructorAccessorImpl","methodName":"newInstance","fileName":"DelegatingConstructorAccessorImpl.java","lineNumber":45,"format":2},{"moduleName":"java.base","moduleVersion":"17.0.8","declaringClass":"java.lang.reflect.Constructor","methodName":"newInstanceWithCaller","fileName":"Constructor.java","lineNumber":499,"format":2},{"moduleName":"java.base","moduleVersion":"17.0.8","declaringClass":"java.lang.reflect.Constructor","methodName":"newInstance","fileName":"Constructor.java","lineNumber":480,"format":2},{"classLoaderName":"app","declaringClass":"org.openqa.selenium.remote.codec.w3c.W3CHttpResponseCodec","methodName":"createException","fileName":"W3CHttpResponseCodec.java","lineNumber":200,"format":1},{"classLoaderName":"app","declaringClass":"org.openqa.selenium.remote.codec.w3c.W3CHttpResponseCodec","methodName":"decode","fileName":"W3CHttpResponseCodec.java","lineNumber":133,"format":1},{"classLoaderName":"app","declaringClass":"org.openqa.selenium.remote.codec.w3c.W3CHttpResponseCodec","methodName":"decode","fileName":"W3CHttpResponseCodec.java","lineNumber":52,"format":1},{"classLoaderName":"app","declaringClass":"org.openqa.selenium.remote.HttpCommandExecutor","methodName":"execute","fileName":"HttpCommandExecutor.java","lineNumber":191,"format":1},{"classLoaderName":"app","declaringClass":"org.openqa.selenium.remote.service.DriverCommandExecutor","methodName":"invokeExecute","fileName":"DriverCommandExecutor.java","lineNumber":200,"format":1},{"classLoaderName":"app","declaringClass":"org.openqa.selenium.remote.service.DriverCommandExecutor","methodName":"execute","fileName":"DriverCommandExecutor.java","lineNumber":175,"format":1},{"classLoaderName":"app","declaringClass":"org.openqa.selenium.remote.RemoteWebDriver","methodName":"execute","fileName":"RemoteWebDriver.java","lineNumber":523,"format":1},{"classLoaderName":"app","declaringClass":"org.openqa.selenium.remote.ElementLocation$ElementFinder$2","methodName":"findElement","fileName":"ElementLocation.java","lineNumber":165,"format":1},{"classLoaderName":"app","declaringClass":"org.openqa.selenium.remote.ElementLocation","methodName":"findElement","fileName":"ElementLocation.java","lineNumber":59,"format":1},{"classLoaderName":"app","declaringClass":"org.openqa.selenium.remote.RemoteWebDriver","methodName":"findElement","fileName":"RemoteWebDriver.java","lineNumber":360,"format":1},{"classLoaderName":"app","declaringClass":"org.openqa.selenium.remote.RemoteWebDriver","methodName":"findElement","fileName":"RemoteWebDriver.java","lineNumber":354,"format":1},{"classLoaderName":"app","declaringClass":"org.openqa.selenium.support.pagefactory.DefaultElementLocator","methodName":"findElement","fileName":"DefaultElementLocator.java","lineNumber":68,"format":1},{"classLoaderName":"app","declaringClass":"org.openqa.selenium.support.pagefactory.internal.LocatingElementHandler","methodName":"invoke","fileName":"LocatingElementHandler.java","lineNumber":38,"format":1},{"classLoaderName":"app","moduleName":"jdk.proxy2","declaringClass":"jdk.proxy2.$Proxy30","methodName":"getText","lineNumber":-1,"format":1},{"classLoaderName":"app","declaringClass":"com.automation.exercise.utility.Utility","methodName":"getTextFromElement","fileName":"Utility.java","lineNumber":55,"format":1},{"classLoaderName":"app","declaringClass":"com.automation.exercise.pages.HomePage","methodName":"verifyThatUserIsNavigatedToBrandPage","fileName":"HomePage.java","lineNumber":482,"format":1},{"classLoaderName":"app","declaringClass":"com.automation.exercise.steps.Test17To21Steps","methodName":"iVerifyThatUserIsNavigatedToBrandPage","fileName":"Test17To21Steps.java","lineNumber":80,"format":1},{"declaringClass":"✽","methodName":"I verify that user is navigated to brand page \"TEXT\"","fileName":"file:///C:/Users/imsky/IdeaProjects/automation-exercise-com/src/test/resources/features/test17to21.feature","lineNumber":49,"format":0}],"suppressedExceptions":[]},"stackTrace":"org.openqa.selenium.NoSuchWindowException: no such window: target window already closed\nfrom unknown error: web view not found\n  (Session info: chrome\u003d120.0.6099.130)\nBuild info: version: \u00274.16.1\u0027, revision: \u00279b4c83354e\u0027\nSystem info: os.name: \u0027Windows 11\u0027, os.arch: \u0027amd64\u0027, os.version: \u002710.0\u0027, java.version: \u002717.0.8\u0027\nDriver info: org.openqa.selenium.chrome.ChromeDriver\nCommand: [500dbc46f7692decaeeaf951fd73fd5a, findElement {using\u003dxpath, value\u003d//h2[normalize-space()\u003d\u0027Brand - Babyhug Products\u0027]}]\nCapabilities {acceptInsecureCerts: false, browserName: chrome, browserVersion: 120.0.6099.130, chrome: {chromedriverVersion: 120.0.6099.109 (3419140ab66..., userDataDir: C:\\Users\\imsky\\AppData\\Loca...}, fedcm:accounts: true, goog:chromeOptions: {debuggerAddress: localhost:63783}, networkConnectionEnabled: false, pageLoadStrategy: normal, platformName: windows, proxy: Proxy(), se:cdp: ws://localhost:63783/devtoo..., se:cdpVersion: 120.0.6099.130, setWindowRect: true, strictFileInteractability: false, timeouts: {implicit: 0, pageLoad: 300000, script: 30000}, unhandledPromptBehavior: dismiss and notify, webauthn:extension:credBlob: true, webauthn:extension:largeBlob: true, webauthn:extension:minPinLength: true, webauthn:extension:prf: true, webauthn:virtualAuthenticators: true}\nSession ID: 500dbc46f7692decaeeaf951fd73fd5a\r\n\tat java.base/jdk.internal.reflect.NativeConstructorAccessorImpl.newInstance0(Native Method)\r\n\tat java.base/jdk.internal.reflect.NativeConstructorAccessorImpl.newInstance(NativeConstructorAccessorImpl.java:77)\r\n\tat java.base/jdk.internal.reflect.DelegatingConstructorAccessorImpl.newInstance(DelegatingConstructorAccessorImpl.java:45)\r\n\tat java.base/java.lang.reflect.Constructor.newInstanceWithCaller(Constructor.java:499)\r\n\tat java.base/java.lang.reflect.Constructor.newInstance(Constructor.java:480)\r\n\tat org.openqa.selenium.remote.codec.w3c.W3CHttpResponseCodec.createException(W3CHttpResponseCodec.java:200)\r\n\tat org.openqa.selenium.remote.codec.w3c.W3CHttpResponseCodec.decode(W3CHttpResponseCodec.java:133)\r\n\tat org.openqa.selenium.remote.codec.w3c.W3CHttpResponseCodec.decode(W3CHttpResponseCodec.java:52)\r\n\tat org.openqa.selenium.remote.HttpCommandExecutor.execute(HttpCommandExecutor.java:191)\r\n\tat org.openqa.selenium.remote.service.DriverCommandExecutor.invokeExecute(DriverCommandExecutor.java:200)\r\n\tat org.openqa.selenium.remote.service.DriverCommandExecutor.execute(DriverCommandExecutor.java:175)\r\n\tat org.openqa.selenium.remote.RemoteWebDriver.execute(RemoteWebDriver.java:523)\r\n\tat org.openqa.selenium.remote.ElementLocation$ElementFinder$2.findElement(ElementLocation.java:165)\r\n\tat org.openqa.selenium.remote.ElementLocation.findElement(ElementLocation.java:59)\r\n\tat org.openqa.selenium.remote.RemoteWebDriver.findElement(RemoteWebDriver.java:360)\r\n\tat org.openqa.selenium.remote.RemoteWebDriver.findElement(RemoteWebDriver.java:354)\r\n\tat org.openqa.selenium.support.pagefactory.DefaultElementLocator.findElement(DefaultElementLocator.java:68)\r\n\tat org.openqa.selenium.support.pagefactory.internal.LocatingElementHandler.invoke(LocatingElementHandler.java:38)\r\n\tat jdk.proxy2/jdk.proxy2.$Proxy30.getText(Unknown Source)\r\n\tat com.automation.exercise.utility.Utility.getTextFromElement(Utility.java:55)\r\n\tat com.automation.exercise.pages.HomePage.verifyThatUserIsNavigatedToBrandPage(HomePage.java:482)\r\n\tat com.automation.exercise.steps.Test17To21Steps.iVerifyThatUserIsNavigatedToBrandPage(Test17To21Steps.java:80)\r\n\tat ✽.I verify that user is navigated to brand page \"TEXT\"(file:///C:/Users/imsky/IdeaProjects/automation-exercise-com/src/test/resources/features/test17to21.feature:49)\r\n","name":"org.openqa.selenium.NoSuchWindowException"}}],"media":[],"exceptions":[{"exception":{"extraInfo":{"Driver info":"org.openqa.selenium.chrome.ChromeDriver","Command":"[500dbc46f7692decaeeaf951fd73fd5a, findElement {using\u003dxpath, value\u003d//h2[normalize-space()\u003d\u0027Brand - Babyhug Products\u0027]}]","Capabilities":"Capabilities {acceptInsecureCerts: false, browserName: chrome, browserVersion: 120.0.6099.130, chrome: {chromedriverVersion: 120.0.6099.109 (3419140ab66..., userDataDir: C:\\Users\\imsky\\AppData\\Loca...}, fedcm:accounts: true, goog:chromeOptions: {debuggerAddress: localhost:63783}, networkConnectionEnabled: false, pageLoadStrategy: normal, platformName: windows, proxy: Proxy(), se:cdp: ws://localhost:63783/devtoo..., se:cdpVersion: 120.0.6099.130, setWindowRect: true, strictFileInteractability: false, timeouts: {implicit: 0, pageLoad: 300000, script: 30000}, unhandledPromptBehavior: dismiss and notify, webauthn:extension:credBlob: true, webauthn:extension:largeBlob: true, webauthn:extension:minPinLength: true, webauthn:extension:prf: true, webauthn:virtualAuthenticators: true}","Session ID":"500dbc46f7692decaeeaf951fd73fd5a"},"detailMessage":"no such window: target window already closed\nfrom unknown error: web view not found\n  (Session info: chrome\u003d120.0.6099.130)","stackTrace":[{"moduleName":"java.base","moduleVersion":"17.0.8","declaringClass":"jdk.internal.reflect.NativeConstructorAccessorImpl","methodName":"newInstance0","fileName":"NativeConstructorAccessorImpl.java","lineNumber":-2,"format":2},{"moduleName":"java.base","moduleVersion":"17.0.8","declaringClass":"jdk.internal.reflect.NativeConstructorAccessorImpl","methodName":"newInstance","fileName":"NativeConstructorAccessorImpl.java","lineNumber":77,"format":2},{"moduleName":"java.base","moduleVersion":"17.0.8","declaringClass":"jdk.internal.reflect.DelegatingConstructorAccessorImpl","methodName":"newInstance","fileName":"DelegatingConstructorAccessorImpl.java","lineNumber":45,"format":2},{"moduleName":"java.base","moduleVersion":"17.0.8","declaringClass":"java.lang.reflect.Constructor","methodName":"newInstanceWithCaller","fileName":"Constructor.java","lineNumber":499,"format":2},{"moduleName":"java.base","moduleVersion":"17.0.8","declaringClass":"java.lang.reflect.Constructor","methodName":"newInstance","fileName":"Constructor.java","lineNumber":480,"format":2},{"classLoaderName":"app","declaringClass":"org.openqa.selenium.remote.codec.w3c.W3CHttpResponseCodec","methodName":"createException","fileName":"W3CHttpResponseCodec.java","lineNumber":200,"format":1},{"classLoaderName":"app","declaringClass":"org.openqa.selenium.remote.codec.w3c.W3CHttpResponseCodec","methodName":"decode","fileName":"W3CHttpResponseCodec.java","lineNumber":133,"format":1},{"classLoaderName":"app","declaringClass":"org.openqa.selenium.remote.codec.w3c.W3CHttpResponseCodec","methodName":"decode","fileName":"W3CHttpResponseCodec.java","lineNumber":52,"format":1},{"classLoaderName":"app","declaringClass":"org.openqa.selenium.remote.HttpCommandExecutor","methodName":"execute","fileName":"HttpCommandExecutor.java","lineNumber":191,"format":1},{"classLoaderName":"app","declaringClass":"org.openqa.selenium.remote.service.DriverCommandExecutor","methodName":"invokeExecute","fileName":"DriverCommandExecutor.java","lineNumber":200,"format":1},{"classLoaderName":"app","declaringClass":"org.openqa.selenium.remote.service.DriverCommandExecutor","methodName":"execute","fileName":"DriverCommandExecutor.java","lineNumber":175,"format":1},{"classLoaderName":"app","declaringClass":"org.openqa.selenium.remote.RemoteWebDriver","methodName":"execute","fileName":"RemoteWebDriver.java","lineNumber":523,"format":1},{"classLoaderName":"app","declaringClass":"org.openqa.selenium.remote.ElementLocation$ElementFinder$2","methodName":"findElement","fileName":"ElementLocation.java","lineNumber":165,"format":1},{"classLoaderName":"app","declaringClass":"org.openqa.selenium.remote.ElementLocation","methodName":"findElement","fileName":"ElementLocation.java","lineNumber":59,"format":1},{"classLoaderName":"app","declaringClass":"org.openqa.selenium.remote.RemoteWebDriver","methodName":"findElement","fileName":"RemoteWebDriver.java","lineNumber":360,"format":1},{"classLoaderName":"app","declaringClass":"org.openqa.selenium.remote.RemoteWebDriver","methodName":"findElement","fileName":"RemoteWebDriver.java","lineNumber":354,"format":1},{"classLoaderName":"app","declaringClass":"org.openqa.selenium.support.pagefactory.DefaultElementLocator","methodName":"findElement","fileName":"DefaultElementLocator.java","lineNumber":68,"format":1},{"classLoaderName":"app","declaringClass":"org.openqa.selenium.support.pagefactory.internal.LocatingElementHandler","methodName":"invoke","fileName":"LocatingElementHandler.java","lineNumber":38,"format":1},{"classLoaderName":"app","moduleName":"jdk.proxy2","declaringClass":"jdk.proxy2.$Proxy30","methodName":"getText","lineNumber":-1,"format":1},{"classLoaderName":"app","declaringClass":"com.automation.exercise.utility.Utility","methodName":"getTextFromElement","fileName":"Utility.java","lineNumber":55,"format":1},{"classLoaderName":"app","declaringClass":"com.automation.exercise.pages.HomePage","methodName":"verifyThatUserIsNavigatedToBrandPage","fileName":"HomePage.java","lineNumber":482,"format":1},{"classLoaderName":"app","declaringClass":"com.automation.exercise.steps.Test17To21Steps","methodName":"iVerifyThatUserIsNavigatedToBrandPage","fileName":"Test17To21Steps.java","lineNumber":80,"format":1},{"declaringClass":"✽","methodName":"I verify that user is navigated to brand page \"TEXT\"","fileName":"file:///C:/Users/imsky/IdeaProjects/automation-exercise-com/src/test/resources/features/test17to21.feature","lineNumber":49,"format":0}],"suppressedExceptions":[]},"stackTrace":"org.openqa.selenium.NoSuchWindowException: no such window: target window already closed\nfrom unknown error: web view not found\n  (Session info: chrome\u003d120.0.6099.130)\nBuild info: version: \u00274.16.1\u0027, revision: \u00279b4c83354e\u0027\nSystem info: os.name: \u0027Windows 11\u0027, os.arch: \u0027amd64\u0027, os.version: \u002710.0\u0027, java.version: \u002717.0.8\u0027\nDriver info: org.openqa.selenium.chrome.ChromeDriver\nCommand: [500dbc46f7692decaeeaf951fd73fd5a, findElement {using\u003dxpath, value\u003d//h2[normalize-space()\u003d\u0027Brand - Babyhug Products\u0027]}]\nCapabilities {acceptInsecureCerts: false, browserName: chrome, browserVersion: 120.0.6099.130, chrome: {chromedriverVersion: 120.0.6099.109 (3419140ab66..., userDataDir: C:\\Users\\imsky\\AppData\\Loca...}, fedcm:accounts: true, goog:chromeOptions: {debuggerAddress: localhost:63783}, networkConnectionEnabled: false, pageLoadStrategy: normal, platformName: windows, proxy: Proxy(), se:cdp: ws://localhost:63783/devtoo..., se:cdpVersion: 120.0.6099.130, setWindowRect: true, strictFileInteractability: false, timeouts: {implicit: 0, pageLoad: 300000, script: 30000}, unhandledPromptBehavior: dismiss and notify, webauthn:extension:credBlob: true, webauthn:extension:largeBlob: true, webauthn:extension:minPinLength: true, webauthn:extension:prf: true, webauthn:virtualAuthenticators: true}\nSession ID: 500dbc46f7692decaeeaf951fd73fd5a\r\n\tat java.base/jdk.internal.reflect.NativeConstructorAccessorImpl.newInstance0(Native Method)\r\n\tat java.base/jdk.internal.reflect.NativeConstructorAccessorImpl.newInstance(NativeConstructorAccessorImpl.java:77)\r\n\tat java.base/jdk.internal.reflect.DelegatingConstructorAccessorImpl.newInstance(DelegatingConstructorAccessorImpl.java:45)\r\n\tat java.base/java.lang.reflect.Constructor.newInstanceWithCaller(Constructor.java:499)\r\n\tat java.base/java.lang.reflect.Constructor.newInstance(Constructor.java:480)\r\n\tat org.openqa.selenium.remote.codec.w3c.W3CHttpResponseCodec.createException(W3CHttpResponseCodec.java:200)\r\n\tat org.openqa.selenium.remote.codec.w3c.W3CHttpResponseCodec.decode(W3CHttpResponseCodec.java:133)\r\n\tat org.openqa.selenium.remote.codec.w3c.W3CHttpResponseCodec.decode(W3CHttpResponseCodec.java:52)\r\n\tat org.openqa.selenium.remote.HttpCommandExecutor.execute(HttpCommandExecutor.java:191)\r\n\tat org.openqa.selenium.remote.service.DriverCommandExecutor.invokeExecute(DriverCommandExecutor.java:200)\r\n\tat org.openqa.selenium.remote.service.DriverCommandExecutor.execute(DriverCommandExecutor.java:175)\r\n\tat org.openqa.selenium.remote.RemoteWebDriver.execute(RemoteWebDriver.java:523)\r\n\tat org.openqa.selenium.remote.ElementLocation$ElementFinder$2.findElement(ElementLocation.java:165)\r\n\tat org.openqa.selenium.remote.ElementLocation.findElement(ElementLocation.java:59)\r\n\tat org.openqa.selenium.remote.RemoteWebDriver.findElement(RemoteWebDriver.java:360)\r\n\tat org.openqa.selenium.remote.RemoteWebDriver.findElement(RemoteWebDriver.java:354)\r\n\tat org.openqa.selenium.support.pagefactory.DefaultElementLocator.findElement(DefaultElementLocator.java:68)\r\n\tat org.openqa.selenium.support.pagefactory.internal.LocatingElementHandler.invoke(LocatingElementHandler.java:38)\r\n\tat jdk.proxy2/jdk.proxy2.$Proxy30.getText(Unknown Source)\r\n\tat com.automation.exercise.utility.Utility.getTextFromElement(Utility.java:55)\r\n\tat com.automation.exercise.pages.HomePage.verifyThatUserIsNavigatedToBrandPage(HomePage.java:482)\r\n\tat com.automation.exercise.steps.Test17To21Steps.iVerifyThatUserIsNavigatedToBrandPage(Test17To21Steps.java:80)\r\n\tat ✽.I verify that user is navigated to brand page \"TEXT\"(file:///C:/Users/imsky/IdeaProjects/automation-exercise-com/src/test/resources/features/test17to21.feature:49)\r\n","name":"org.openqa.selenium.NoSuchWindowException"}],"authorSet":[],"categorySet":[],"deviceSet":[],"generatedLog":[]},{"useNaturalConf":true,"startTime":"Jan 1, 2024, 2:12:54 PM","endTime":"Jan 1, 2024, 2:12:54 PM","status":"SKIP","level":2,"isLeaf":true,"name":"And I click on \"Madame\" brand name","description":"com.automation.exercise.steps.Test17To21Steps.iClickOnBrandName(java.lang.String)","bddType":"com.aventstack.extentreports.gherkin.model.And","infoMap":{},"children":[],"logs":[{"timestamp":"Jan 1, 2024, 2:12:54 PM","status":"SKIP","details":"Step skipped","seq":0,"infoMap":{}}],"media":[],"exceptions":[],"authorSet":[],"categorySet":[],"deviceSet":[],"generatedLog":[]},{"useNaturalConf":true,"startTime":"Jan 1, 2024, 2:12:54 PM","endTime":"Jan 1, 2024, 2:12:54 PM","status":"SKIP","level":2,"isLeaf":true,"name":"And I verify that user is navigated to that brand page \"TEXT1\"","description":"com.automation.exercise.steps.Test17To21Steps.iVerifyThatUserIsNavigatedToThatBrandPage(java.lang.String)","bddType":"com.aventstack.extentreports.gherkin.model.And","infoMap":{},"children":[],"logs":[{"timestamp":"Jan 1, 2024, 2:12:54 PM","status":"SKIP","details":"Step skipped","seq":0,"infoMap":{}}],"media":[],"exceptions":[],"authorSet":[],"categorySet":[],"deviceSet":[],"generatedLog":[]},{"useNaturalConf":true,"startTime":"Jan 1, 2024, 2:12:54 PM","endTime":"Jan 1, 2024, 2:12:54 PM","status":"FAIL","level":2,"isLeaf":true,"name":"com.automation.exercise.steps.Hooks.tearDown(io.cucumber.java.Scenario)","description":"AFTER","bddType":"com.aventstack.extentreports.gherkin.model.Asterisk","infoMap":{},"children":[],"logs":[{"timestamp":"Jan 1, 2024, 2:12:54 PM","status":"FAIL","details":"","seq":0,"infoMap":{},"exception":{"exception":{"extraInfo":{"Driver info":"org.openqa.selenium.chrome.ChromeDriver","Command":"[500dbc46f7692decaeeaf951fd73fd5a, screenshot {}]","Capabilities":"Capabilities {acceptInsecureCerts: false, browserName: chrome, browserVersion: 120.0.6099.130, chrome: {chromedriverVersion: 120.0.6099.109 (3419140ab66..., userDataDir: C:\\Users\\imsky\\AppData\\Loca...}, fedcm:accounts: true, goog:chromeOptions: {debuggerAddress: localhost:63783}, networkConnectionEnabled: false, pageLoadStrategy: normal, platformName: windows, proxy: Proxy(), se:cdp: ws://localhost:63783/devtoo..., se:cdpVersion: 120.0.6099.130, setWindowRect: true, strictFileInteractability: false, timeouts: {implicit: 0, pageLoad: 300000, script: 30000}, unhandledPromptBehavior: dismiss and notify, webauthn:extension:credBlob: true, webauthn:extension:largeBlob: true, webauthn:extension:minPinLength: true, webauthn:extension:prf: true, webauthn:virtualAuthenticators: true}","Session ID":"500dbc46f7692decaeeaf951fd73fd5a"},"detailMessage":"no such window: target window already closed\nfrom unknown error: web view not found\n  (Session info: chrome\u003d120.0.6099.130)","stackTrace":[{"moduleName":"java.base","moduleVersion":"17.0.8","declaringClass":"jdk.internal.reflect.NativeConstructorAccessorImpl","methodName":"newInstance0","fileName":"NativeConstructorAccessorImpl.java","lineNumber":-2,"format":2},{"moduleName":"java.base","moduleVersion":"17.0.8","declaringClass":"jdk.internal.reflect.NativeConstructorAccessorImpl","methodName":"newInstance","fileName":"NativeConstructorAccessorImpl.java","lineNumber":77,"format":2},{"moduleName":"java.base","moduleVersion":"17.0.8","declaringClass":"jdk.internal.reflect.DelegatingConstructorAccessorImpl","methodName":"newInstance","fileName":"DelegatingConstructorAccessorImpl.java","lineNumber":45,"format":2},{"moduleName":"java.base","moduleVersion":"17.0.8","declaringClass":"java.lang.reflect.Constructor","methodName":"newInstanceWithCaller","fileName":"Constructor.java","lineNumber":499,"format":2},{"moduleName":"java.base","moduleVersion":"17.0.8","declaringClass":"java.lang.reflect.Constructor","methodName":"newInstance","fileName":"Constructor.java","lineNumber":480,"format":2},{"classLoaderName":"app","declaringClass":"org.openqa.selenium.remote.codec.w3c.W3CHttpResponseCodec","methodName":"createException","fileName":"W3CHttpResponseCodec.java","lineNumber":200,"format":1},{"classLoaderName":"app","declaringClass":"org.openqa.selenium.remote.codec.w3c.W3CHttpResponseCodec","methodName":"decode","fileName":"W3CHttpResponseCodec.java","lineNumber":133,"format":1},{"classLoaderName":"app","declaringClass":"org.openqa.selenium.remote.codec.w3c.W3CHttpResponseCodec","methodName":"decode","fileName":"W3CHttpResponseCodec.java","lineNumber":52,"format":1},{"classLoaderName":"app","declaringClass":"org.openqa.selenium.remote.HttpCommandExecutor","methodName":"execute","fileName":"HttpCommandExecutor.java","lineNumber":191,"format":1},{"classLoaderName":"app","declaringClass":"org.openqa.selenium.remote.service.DriverCommandExecutor","methodName":"invokeExecute","fileName":"DriverCommandExecutor.java","lineNumber":200,"format":1},{"classLoaderName":"app","declaringClass":"org.openqa.selenium.remote.service.DriverCommandExecutor","methodName":"execute","fileName":"DriverCommandExecutor.java","lineNumber":175,"format":1},{"classLoaderName":"app","declaringClass":"org.openqa.selenium.remote.RemoteWebDriver","methodName":"execute","fileName":"RemoteWebDriver.java","lineNumber":523,"format":1},{"classLoaderName":"app","declaringClass":"org.openqa.selenium.remote.RemoteWebDriver","methodName":"execute","fileName":"RemoteWebDriver.java","lineNumber":596,"format":1},{"classLoaderName":"app","declaringClass":"org.openqa.selenium.remote.RemoteWebDriver","methodName":"execute","fileName":"RemoteWebDriver.java","lineNumber":600,"format":1},{"classLoaderName":"app","declaringClass":"org.openqa.selenium.remote.RemoteWebDriver","methodName":"getScreenshotAs","fileName":"RemoteWebDriver.java","lineNumber":326,"format":1},{"classLoaderName":"app","declaringClass":"com.automation.exercise.utility.Utility","methodName":"getScreenShot","fileName":"Utility.java","lineNumber":348,"format":1},{"classLoaderName":"app","declaringClass":"com.automation.exercise.steps.Hooks","methodName":"tearDown","fileName":"Hooks.java","lineNumber":19,"format":1}],"suppressedExceptions":[]},"stackTrace":"org.openqa.selenium.NoSuchWindowException: no such window: target window already closed\nfrom unknown error: web view not found\n  (Session info: chrome\u003d120.0.6099.130)\nBuild info: version: \u00274.16.1\u0027, revision: \u00279b4c83354e\u0027\nSystem info: os.name: \u0027Windows 11\u0027, os.arch: \u0027amd64\u0027, os.version: \u002710.0\u0027, java.version: \u002717.0.8\u0027\nDriver info: org.openqa.selenium.chrome.ChromeDriver\nCommand: [500dbc46f7692decaeeaf951fd73fd5a, screenshot {}]\nCapabilities {acceptInsecureCerts: false, browserName: chrome, browserVersion: 120.0.6099.130, chrome: {chromedriverVersion: 120.0.6099.109 (3419140ab66..., userDataDir: C:\\Users\\imsky\\AppData\\Loca...}, fedcm:accounts: true, goog:chromeOptions: {debuggerAddress: localhost:63783}, networkConnectionEnabled: false, pageLoadStrategy: normal, platformName: windows, proxy: Proxy(), se:cdp: ws://localhost:63783/devtoo..., se:cdpVersion: 120.0.6099.130, setWindowRect: true, strictFileInteractability: false, timeouts: {implicit: 0, pageLoad: 300000, script: 30000}, unhandledPromptBehavior: dismiss and notify, webauthn:extension:credBlob: true, webauthn:extension:largeBlob: true, webauthn:extension:minPinLength: true, webauthn:extension:prf: true, webauthn:virtualAuthenticators: true}\nSession ID: 500dbc46f7692decaeeaf951fd73fd5a\r\n\tat java.base/jdk.internal.reflect.NativeConstructorAccessorImpl.newInstance0(Native Method)\r\n\tat java.base/jdk.internal.reflect.NativeConstructorAccessorImpl.newInstance(NativeConstructorAccessorImpl.java:77)\r\n\tat java.base/jdk.internal.reflect.DelegatingConstructorAccessorImpl.newInstance(DelegatingConstructorAccessorImpl.java:45)\r\n\tat java.base/java.lang.reflect.Constructor.newInstanceWithCaller(Constructor.java:499)\r\n\tat java.base/java.lang.reflect.Constructor.newInstance(Constructor.java:480)\r\n\tat org.openqa.selenium.remote.codec.w3c.W3CHttpResponseCodec.createException(W3CHttpResponseCodec.java:200)\r\n\tat org.openqa.selenium.remote.codec.w3c.W3CHttpResponseCodec.decode(W3CHttpResponseCodec.java:133)\r\n\tat org.openqa.selenium.remote.codec.w3c.W3CHttpResponseCodec.decode(W3CHttpResponseCodec.java:52)\r\n\tat org.openqa.selenium.remote.HttpCommandExecutor.execute(HttpCommandExecutor.java:191)\r\n\tat org.openqa.selenium.remote.service.DriverCommandExecutor.invokeExecute(DriverCommandExecutor.java:200)\r\n\tat org.openqa.selenium.remote.service.DriverCommandExecutor.execute(DriverCommandExecutor.java:175)\r\n\tat org.openqa.selenium.remote.RemoteWebDriver.execute(RemoteWebDriver.java:523)\r\n\tat org.openqa.selenium.remote.RemoteWebDriver.execute(RemoteWebDriver.java:596)\r\n\tat org.openqa.selenium.remote.RemoteWebDriver.execute(RemoteWebDriver.java:600)\r\n\tat org.openqa.selenium.remote.RemoteWebDriver.getScreenshotAs(RemoteWebDriver.java:326)\r\n\tat com.automation.exercise.utility.Utility.getScreenShot(Utility.java:348)\r\n\tat com.automation.exercise.steps.Hooks.tearDown(Hooks.java:19)\r\n","name":"org.openqa.selenium.NoSuchWindowException"}}],"media":[],"exceptions":[{"exception":{"extraInfo":{"Driver info":"org.openqa.selenium.chrome.ChromeDriver","Command":"[500dbc46f7692decaeeaf951fd73fd5a, screenshot {}]","Capabilities":"Capabilities {acceptInsecureCerts: false, browserName: chrome, browserVersion: 120.0.6099.130, chrome: {chromedriverVersion: 120.0.6099.109 (3419140ab66..., userDataDir: C:\\Users\\imsky\\AppData\\Loca...}, fedcm:accounts: true, goog:chromeOptions: {debuggerAddress: localhost:63783}, networkConnectionEnabled: false, pageLoadStrategy: normal, platformName: windows, proxy: Proxy(), se:cdp: ws://localhost:63783/devtoo..., se:cdpVersion: 120.0.6099.130, setWindowRect: true, strictFileInteractability: false, timeouts: {implicit: 0, pageLoad: 300000, script: 30000}, unhandledPromptBehavior: dismiss and notify, webauthn:extension:credBlob: true, webauthn:extension:largeBlob: true, webauthn:extension:minPinLength: true, webauthn:extension:prf: true, webauthn:virtualAuthenticators: true}","Session ID":"500dbc46f7692decaeeaf951fd73fd5a"},"detailMessage":"no such window: target window already closed\nfrom unknown error: web view not found\n  (Session info: chrome\u003d120.0.6099.130)","stackTrace":[{"moduleName":"java.base","moduleVersion":"17.0.8","declaringClass":"jdk.internal.reflect.NativeConstructorAccessorImpl","methodName":"newInstance0","fileName":"NativeConstructorAccessorImpl.java","lineNumber":-2,"format":2},{"moduleName":"java.base","moduleVersion":"17.0.8","declaringClass":"jdk.internal.reflect.NativeConstructorAccessorImpl","methodName":"newInstance","fileName":"NativeConstructorAccessorImpl.java","lineNumber":77,"format":2},{"moduleName":"java.base","moduleVersion":"17.0.8","declaringClass":"jdk.internal.reflect.DelegatingConstructorAccessorImpl","methodName":"newInstance","fileName":"DelegatingConstructorAccessorImpl.java","lineNumber":45,"format":2},{"moduleName":"java.base","moduleVersion":"17.0.8","declaringClass":"java.lang.reflect.Constructor","methodName":"newInstanceWithCaller","fileName":"Constructor.java","lineNumber":499,"format":2},{"moduleName":"java.base","moduleVersion":"17.0.8","declaringClass":"java.lang.reflect.Constructor","methodName":"newInstance","fileName":"Constructor.java","lineNumber":480,"format":2},{"classLoaderName":"app","declaringClass":"org.openqa.selenium.remote.codec.w3c.W3CHttpResponseCodec","methodName":"createException","fileName":"W3CHttpResponseCodec.java","lineNumber":200,"format":1},{"classLoaderName":"app","declaringClass":"org.openqa.selenium.remote.codec.w3c.W3CHttpResponseCodec","methodName":"decode","fileName":"W3CHttpResponseCodec.java","lineNumber":133,"format":1},{"classLoaderName":"app","declaringClass":"org.openqa.selenium.remote.codec.w3c.W3CHttpResponseCodec","methodName":"decode","fileName":"W3CHttpResponseCodec.java","lineNumber":52,"format":1},{"classLoaderName":"app","declaringClass":"org.openqa.selenium.remote.HttpCommandExecutor","methodName":"execute","fileName":"HttpCommandExecutor.java","lineNumber":191,"format":1},{"classLoaderName":"app","declaringClass":"org.openqa.selenium.remote.service.DriverCommandExecutor","methodName":"invokeExecute","fileName":"DriverCommandExecutor.java","lineNumber":200,"format":1},{"classLoaderName":"app","declaringClass":"org.openqa.selenium.remote.service.DriverCommandExecutor","methodName":"execute","fileName":"DriverCommandExecutor.java","lineNumber":175,"format":1},{"classLoaderName":"app","declaringClass":"org.openqa.selenium.remote.RemoteWebDriver","methodName":"execute","fileName":"RemoteWebDriver.java","lineNumber":523,"format":1},{"classLoaderName":"app","declaringClass":"org.openqa.selenium.remote.RemoteWebDriver","methodName":"execute","fileName":"RemoteWebDriver.java","lineNumber":596,"format":1},{"classLoaderName":"app","declaringClass":"org.openqa.selenium.remote.RemoteWebDriver","methodName":"execute","fileName":"RemoteWebDriver.java","lineNumber":600,"format":1},{"classLoaderName":"app","declaringClass":"org.openqa.selenium.remote.RemoteWebDriver","methodName":"getScreenshotAs","fileName":"RemoteWebDriver.java","lineNumber":326,"format":1},{"classLoaderName":"app","declaringClass":"com.automation.exercise.utility.Utility","methodName":"getScreenShot","fileName":"Utility.java","lineNumber":348,"format":1},{"classLoaderName":"app","declaringClass":"com.automation.exercise.steps.Hooks","methodName":"tearDown","fileName":"Hooks.java","lineNumber":19,"format":1}],"suppressedExceptions":[]},"stackTrace":"org.openqa.selenium.NoSuchWindowException: no such window: target window already closed\nfrom unknown error: web view not found\n  (Session info: chrome\u003d120.0.6099.130)\nBuild info: version: \u00274.16.1\u0027, revision: \u00279b4c83354e\u0027\nSystem info: os.name: \u0027Windows 11\u0027, os.arch: \u0027amd64\u0027, os.version: \u002710.0\u0027, java.version: \u002717.0.8\u0027\nDriver info: org.openqa.selenium.chrome.ChromeDriver\nCommand: [500dbc46f7692decaeeaf951fd73fd5a, screenshot {}]\nCapabilities {acceptInsecureCerts: false, browserName: chrome, browserVersion: 120.0.6099.130, chrome: {chromedriverVersion: 120.0.6099.109 (3419140ab66..., userDataDir: C:\\Users\\imsky\\AppData\\Loca...}, fedcm:accounts: true, goog:chromeOptions: {debuggerAddress: localhost:63783}, networkConnectionEnabled: false, pageLoadStrategy: normal, platformName: windows, proxy: Proxy(), se:cdp: ws://localhost:63783/devtoo..., se:cdpVersion: 120.0.6099.130, setWindowRect: true, strictFileInteractability: false, timeouts: {implicit: 0, pageLoad: 300000, script: 30000}, unhandledPromptBehavior: dismiss and notify, webauthn:extension:credBlob: true, webauthn:extension:largeBlob: true, webauthn:extension:minPinLength: true, webauthn:extension:prf: true, webauthn:virtualAuthenticators: true}\nSession ID: 500dbc46f7692decaeeaf951fd73fd5a\r\n\tat java.base/jdk.internal.reflect.NativeConstructorAccessorImpl.newInstance0(Native Method)\r\n\tat java.base/jdk.internal.reflect.NativeConstructorAccessorImpl.newInstance(NativeConstructorAccessorImpl.java:77)\r\n\tat java.base/jdk.internal.reflect.DelegatingConstructorAccessorImpl.newInstance(DelegatingConstructorAccessorImpl.java:45)\r\n\tat java.base/java.lang.reflect.Constructor.newInstanceWithCaller(Constructor.java:499)\r\n\tat java.base/java.lang.reflect.Constructor.newInstance(Constructor.java:480)\r\n\tat org.openqa.selenium.remote.codec.w3c.W3CHttpResponseCodec.createException(W3CHttpResponseCodec.java:200)\r\n\tat org.openqa.selenium.remote.codec.w3c.W3CHttpResponseCodec.decode(W3CHttpResponseCodec.java:133)\r\n\tat org.openqa.selenium.remote.codec.w3c.W3CHttpResponseCodec.decode(W3CHttpResponseCodec.java:52)\r\n\tat org.openqa.selenium.remote.HttpCommandExecutor.execute(HttpCommandExecutor.java:191)\r\n\tat org.openqa.selenium.remote.service.DriverCommandExecutor.invokeExecute(DriverCommandExecutor.java:200)\r\n\tat org.openqa.selenium.remote.service.DriverCommandExecutor.execute(DriverCommandExecutor.java:175)\r\n\tat org.openqa.selenium.remote.RemoteWebDriver.execute(RemoteWebDriver.java:523)\r\n\tat org.openqa.selenium.remote.RemoteWebDriver.execute(RemoteWebDriver.java:596)\r\n\tat org.openqa.selenium.remote.RemoteWebDriver.execute(RemoteWebDriver.java:600)\r\n\tat org.openqa.selenium.remote.RemoteWebDriver.getScreenshotAs(RemoteWebDriver.java:326)\r\n\tat com.automation.exercise.utility.Utility.getScreenShot(Utility.java:348)\r\n\tat com.automation.exercise.steps.Hooks.tearDown(Hooks.java:19)\r\n","name":"org.openqa.selenium.NoSuchWindowException"}],"authorSet":[],"categorySet":[],"deviceSet":[],"generatedLog":[]}],"logs":[],"media":[],"exceptions":[],"authorSet":[],"categorySet":[{"name":"@new"},{"name":"@HU"},{"name":"@Regression"}],"deviceSet":[],"generatedLog":[]}],"logs":[],"media":[],"exceptions":[],"authorSet":[],"categorySet":[],"deviceSet":[],"generatedLog":[]},{"useNaturalConf":true,"startTime":"Jan 1, 2024, 2:12:55 PM","endTime":"Jan 1, 2024, 2:13:02 PM","status":"FAIL","level":0,"isLeaf":false,"name":"Test Cases 22, 23, 24, 25 and 26","description":"  As a User I want to check\n  Test Case 22 Add to cart from Recommended items\n  Test Case 23 Verify address details in checkout page\n  Test Case 24 Download Invoice after purchase order\n  Test Case 25 Verify Scroll Up using \u0027Arrow\u0027 button and Scroll Down functionality\n  Test Case 26 Verify Scroll Up without \u0027Arrow\u0027 button and Scroll Down functionality","bddType":"com.aventstack.extentreports.gherkin.model.Feature","infoMap":{},"children":[{"useNaturalConf":true,"startTime":"Jan 1, 2024, 2:12:55 PM","endTime":"Jan 1, 2024, 2:13:02 PM","status":"FAIL","level":1,"isLeaf":false,"name":"Test Case 26 Verify Scroll Up without \u0027Arrow\u0027 button and Scroll Down functionality","description":"","bddType":"com.aventstack.extentreports.gherkin.model.Scenario","infoMap":{},"children":[{"useNaturalConf":true,"startTime":"Jan 1, 2024, 2:12:59 PM","endTime":"Jan 1, 2024, 2:12:59 PM","status":"PASS","level":2,"isLeaf":true,"name":"Given I launch the browser","description":"com.automation.exercise.steps.Test1To5Steps.iLaunchTheBrowser()","bddType":"com.aventstack.extentreports.gherkin.model.Given","infoMap":{},"children":[],"logs":[{"timestamp":"Jan 1, 2024, 2:12:59 PM","status":"PASS","details":"","seq":0,"infoMap":{}}],"media":[],"exceptions":[],"authorSet":[],"categorySet":[],"deviceSet":[],"generatedLog":[]},{"useNaturalConf":true,"startTime":"Jan 1, 2024, 2:12:59 PM","endTime":"Jan 1, 2024, 2:12:59 PM","status":"PASS","level":2,"isLeaf":true,"name":"And I navigate to given url","description":"com.automation.exercise.steps.Test1To5Steps.iNavigateToGivenUrl()","bddType":"com.aventstack.extentreports.gherkin.model.And","infoMap":{},"children":[],"logs":[{"timestamp":"Jan 1, 2024, 2:12:59 PM","status":"PASS","details":"","seq":0,"infoMap":{}}],"media":[],"exceptions":[],"authorSet":[],"categorySet":[],"deviceSet":[],"generatedLog":[]},{"useNaturalConf":true,"startTime":"Jan 1, 2024, 2:12:59 PM","endTime":"Jan 1, 2024, 2:12:59 PM","status":"PASS","level":2,"isLeaf":true,"name":"And I verify that home page is visible successfully","description":"com.automation.exercise.steps.Test1To5Steps.iVerifyThatHomePageIsVisibleSuccessfully()","bddType":"com.aventstack.extentreports.gherkin.model.And","infoMap":{},"children":[],"logs":[{"timestamp":"Jan 1, 2024, 2:12:59 PM","status":"PASS","details":"","seq":0,"infoMap":{}}],"media":[],"exceptions":[],"authorSet":[],"categorySet":[],"deviceSet":[],"generatedLog":[]},{"useNaturalConf":true,"startTime":"Jan 1, 2024, 2:12:59 PM","endTime":"Jan 1, 2024, 2:13:00 PM","status":"PASS","level":2,"isLeaf":true,"name":"When I scroll down page to bottom","description":"com.automation.exercise.steps.Test22To26Steps.iScrollDownPageToBottom()","bddType":"com.aventstack.extentreports.gherkin.model.When","infoMap":{},"children":[],"logs":[{"timestamp":"Jan 1, 2024, 2:13:00 PM","status":"PASS","details":"","seq":0,"infoMap":{}}],"media":[],"exceptions":[],"authorSet":[],"categorySet":[],"deviceSet":[],"generatedLog":[]},{"useNaturalConf":true,"startTime":"Jan 1, 2024, 2:13:00 PM","endTime":"Jan 1, 2024, 2:13:02 PM","status":"PASS","level":2,"isLeaf":true,"name":"And I verify text \u0027SUBSCRIPTION\u0027","description":"com.automation.exercise.steps.Test6To11Steps.iVerifyTextSUBSCRIPTION(java.lang.String)","bddType":"com.aventstack.extentreports.gherkin.model.And","infoMap":{},"children":[],"logs":[{"timestamp":"Jan 1, 2024, 2:13:02 PM","status":"PASS","details":"","seq":0,"infoMap":{}}],"media":[],"exceptions":[],"authorSet":[],"categorySet":[],"deviceSet":[],"generatedLog":[]},{"useNaturalConf":true,"startTime":"Jan 1, 2024, 2:13:02 PM","endTime":"Jan 1, 2024, 2:13:02 PM","status":"PASS","level":2,"isLeaf":true,"name":"And I scroll up page to top","description":"com.automation.exercise.steps.Test22To26Steps.iScrollUpPageToTop()","bddType":"com.aventstack.extentreports.gherkin.model.And","infoMap":{},"children":[],"logs":[{"timestamp":"Jan 1, 2024, 2:13:02 PM","status":"PASS","details":"","seq":0,"infoMap":{}}],"media":[],"exceptions":[],"authorSet":[],"categorySet":[],"deviceSet":[],"generatedLog":[]},{"useNaturalConf":true,"startTime":"Jan 1, 2024, 2:13:02 PM","endTime":"Jan 1, 2024, 2:13:02 PM","status":"FAIL","level":2,"isLeaf":true,"name":"Then I verify that page is scrolled up and \u0027Full-Fledged practice website for Automation Engineers\u0027 text is visible on screen","description":"com.automation.exercise.steps.Test22To26Steps.iVerifyThatPageIsScrolledUpAndFullFledgedPracticeWebsiteForAutomationEngineersTextIsVisibleOnScreen()","bddType":"com.aventstack.extentreports.gherkin.model.Then","infoMap":{},"children":[],"logs":[{"timestamp":"Jan 1, 2024, 2:13:02 PM","status":"FAIL","details":"","seq":0,"infoMap":{},"exception":{"exception":{"detailMessage":"Step [I verify that page is scrolled up and {string} text is visible on screen] is defined with 0 parameters at \u0027com.automation.exercise.steps.Test22To26Steps.iVerifyThatPageIsScrolledUpAndFullFledgedPracticeWebsiteForAutomationEngineersTextIsVisibleOnScreen()\u0027.\nHowever, the gherkin step has 1 arguments:\n * \u0027Full-Fledged practice website for Automation Engineers\u0027\nStep text: I verify that page is scrolled up and \u0027Full-Fledged practice website for Automation Engineers\u0027 text is visible on screen","stackTrace":[{"classLoaderName":"app","declaringClass":"io.cucumber.core.runner.PickleStepDefinitionMatch","methodName":"arityMismatch","fileName":"PickleStepDefinitionMatch.java","lineNumber":83,"format":1},{"classLoaderName":"app","declaringClass":"io.cucumber.core.runner.PickleStepDefinitionMatch","methodName":"runStep","fileName":"PickleStepDefinitionMatch.java","lineNumber":42,"format":1},{"classLoaderName":"app","declaringClass":"io.cucumber.core.runner.ExecutionMode$1","methodName":"execute","fileName":"ExecutionMode.java","lineNumber":10,"format":1},{"classLoaderName":"app","declaringClass":"io.cucumber.core.runner.TestStep","methodName":"executeStep","fileName":"TestStep.java","lineNumber":84,"format":1},{"classLoaderName":"app","declaringClass":"io.cucumber.core.runner.TestStep","methodName":"run","fileName":"TestStep.java","lineNumber":56,"format":1},{"classLoaderName":"app","declaringClass":"io.cucumber.core.runner.PickleStepTestStep","methodName":"run","fileName":"PickleStepTestStep.java","lineNumber":51,"format":1},{"classLoaderName":"app","declaringClass":"io.cucumber.core.runner.TestCase","methodName":"run","fileName":"TestCase.java","lineNumber":84,"format":1},{"classLoaderName":"app","declaringClass":"io.cucumber.core.runner.Runner","methodName":"runPickle","fileName":"Runner.java","lineNumber":75,"format":1},{"classLoaderName":"app","declaringClass":"io.cucumber.testng.TestNGCucumberRunner","methodName":"lambda$runScenario$1","fileName":"TestNGCucumberRunner.java","lineNumber":132,"format":1},{"classLoaderName":"app","declaringClass":"io.cucumber.core.runtime.CucumberExecutionContext","methodName":"lambda$runTestCase$5","fileName":"CucumberExecutionContext.java","lineNumber":137,"format":1},{"classLoaderName":"app","declaringClass":"io.cucumber.core.runtime.RethrowingThrowableCollector","methodName":"executeAndThrow","fileName":"RethrowingThrowableCollector.java","lineNumber":23,"format":1},{"classLoaderName":"app","declaringClass":"io.cucumber.core.runtime.CucumberExecutionContext","methodName":"runTestCase","fileName":"CucumberExecutionContext.java","lineNumber":137,"format":1},{"classLoaderName":"app","declaringClass":"io.cucumber.testng.TestNGCucumberRunner","methodName":"runScenario","fileName":"TestNGCucumberRunner.java","lineNumber":129,"format":1},{"classLoaderName":"app","declaringClass":"io.cucumber.testng.AbstractTestNGCucumberTests","methodName":"runScenario","fileName":"AbstractTestNGCucumberTests.java","lineNumber":35,"format":1},{"moduleName":"java.base","moduleVersion":"17.0.8","declaringClass":"jdk.internal.reflect.NativeMethodAccessorImpl","methodName":"invoke0","fileName":"NativeMethodAccessorImpl.java","lineNumber":-2,"format":2},{"moduleName":"java.base","moduleVersion":"17.0.8","declaringClass":"jdk.internal.reflect.NativeMethodAccessorImpl","methodName":"invoke","fileName":"NativeMethodAccessorImpl.java","lineNumber":77,"format":2},{"moduleName":"java.base","moduleVersion":"17.0.8","declaringClass":"jdk.internal.reflect.DelegatingMethodAccessorImpl","methodName":"invoke","fileName":"DelegatingMethodAccessorImpl.java","lineNumber":43,"format":2},{"moduleName":"java.base","moduleVersion":"17.0.8","declaringClass":"java.lang.reflect.Method","methodName":"invoke","fileName":"Method.java","lineNumber":568,"format":2},{"classLoaderName":"app","declaringClass":"org.testng.internal.invokers.MethodInvocationHelper","methodName":"invokeMethod","fileName":"MethodInvocationHelper.java","lineNumber":139,"format":1},{"classLoaderName":"app","declaringClass":"org.testng.internal.invokers.TestInvoker","methodName":"invokeMethod","fileName":"TestInvoker.java","lineNumber":664,"format":1},{"classLoaderName":"app","declaringClass":"org.testng.internal.invokers.TestInvoker","methodName":"invokeTestMethod","fileName":"TestInvoker.java","lineNumber":227,"format":1},{"classLoaderName":"app","declaringClass":"org.testng.internal.invokers.MethodRunner","methodName":"runInSequence","fileName":"MethodRunner.java","lineNumber":50,"format":1},{"classLoaderName":"app","declaringClass":"org.testng.internal.invokers.TestInvoker$MethodInvocationAgent","methodName":"invoke","fileName":"TestInvoker.java","lineNumber":957,"format":1},{"classLoaderName":"app","declaringClass":"org.testng.internal.invokers.TestInvoker","methodName":"invokeTestMethods","fileName":"TestInvoker.java","lineNumber":200,"format":1},{"classLoaderName":"app","declaringClass":"org.testng.internal.invokers.TestMethodWorker","methodName":"invokeTestMethods","fileName":"TestMethodWorker.java","lineNumber":148,"format":1},{"classLoaderName":"app","declaringClass":"org.testng.internal.invokers.TestMethodWorker","methodName":"run","fileName":"TestMethodWorker.java","lineNumber":128,"format":1},{"moduleName":"java.base","moduleVersion":"17.0.8","declaringClass":"java.util.ArrayList","methodName":"forEach","fileName":"ArrayList.java","lineNumber":1511,"format":2},{"classLoaderName":"app","declaringClass":"org.testng.TestRunner","methodName":"privateRun","fileName":"TestRunner.java","lineNumber":848,"format":1},{"classLoaderName":"app","declaringClass":"org.testng.TestRunner","methodName":"run","fileName":"TestRunner.java","lineNumber":621,"format":1},{"classLoaderName":"app","declaringClass":"org.testng.SuiteRunner","methodName":"runTest","fileName":"SuiteRunner.java","lineNumber":443,"format":1},{"classLoaderName":"app","declaringClass":"org.testng.SuiteRunner","methodName":"runSequentially","fileName":"SuiteRunner.java","lineNumber":437,"format":1},{"classLoaderName":"app","declaringClass":"org.testng.SuiteRunner","methodName":"privateRun","fileName":"SuiteRunner.java","lineNumber":397,"format":1},{"classLoaderName":"app","declaringClass":"org.testng.SuiteRunner","methodName":"run","fileName":"SuiteRunner.java","lineNumber":336,"format":1},{"classLoaderName":"app","declaringClass":"org.testng.SuiteRunnerWorker","methodName":"runSuite","fileName":"SuiteRunnerWorker.java","lineNumber":52,"format":1},{"classLoaderName":"app","declaringClass":"org.testng.SuiteRunnerWorker","methodName":"run","fileName":"SuiteRunnerWorker.java","lineNumber":95,"format":1},{"classLoaderName":"app","declaringClass":"org.testng.TestNG","methodName":"runSuitesSequentially","fileName":"TestNG.java","lineNumber":1280,"format":1},{"classLoaderName":"app","declaringClass":"org.testng.TestNG","methodName":"runSuitesLocally","fileName":"TestNG.java","lineNumber":1200,"format":1},{"classLoaderName":"app","declaringClass":"org.testng.TestNG","methodName":"runSuites","fileName":"TestNG.java","lineNumber":1114,"format":1},{"classLoaderName":"app","declaringClass":"org.testng.TestNG","methodName":"run","fileName":"TestNG.java","lineNumber":1082,"format":1},{"classLoaderName":"app","declaringClass":"com.intellij.rt.testng.IDEARemoteTestNG","methodName":"run","fileName":"IDEARemoteTestNG.java","lineNumber":66,"format":1},{"classLoaderName":"app","declaringClass":"com.intellij.rt.testng.RemoteTestNGStarter","methodName":"main","fileName":"RemoteTestNGStarter.java","lineNumber":105,"format":1}],"suppressedExceptions":[]},"stackTrace":"io.cucumber.core.exception.CucumberException: Step [I verify that page is scrolled up and {string} text is visible on screen] is defined with 0 parameters at \u0027com.automation.exercise.steps.Test22To26Steps.iVerifyThatPageIsScrolledUpAndFullFledgedPracticeWebsiteForAutomationEngineersTextIsVisibleOnScreen()\u0027.\nHowever, the gherkin step has 1 arguments:\n * \u0027Full-Fledged practice website for Automation Engineers\u0027\nStep text: I verify that page is scrolled up and \u0027Full-Fledged practice website for Automation Engineers\u0027 text is visible on screen\r\n\tat io.cucumber.core.runner.PickleStepDefinitionMatch.arityMismatch(PickleStepDefinitionMatch.java:83)\r\n\tat io.cucumber.core.runner.PickleStepDefinitionMatch.runStep(PickleStepDefinitionMatch.java:42)\r\n\tat io.cucumber.core.runner.ExecutionMode$1.execute(ExecutionMode.java:10)\r\n\tat io.cucumber.core.runner.TestStep.executeStep(TestStep.java:84)\r\n\tat io.cucumber.core.runner.TestStep.run(TestStep.java:56)\r\n\tat io.cucumber.core.runner.PickleStepTestStep.run(PickleStepTestStep.java:51)\r\n\tat io.cucumber.core.runner.TestCase.run(TestCase.java:84)\r\n\tat io.cucumber.core.runner.Runner.runPickle(Runner.java:75)\r\n\tat io.cucumber.testng.TestNGCucumberRunner.lambda$runScenario$1(TestNGCucumberRunner.java:132)\r\n\tat io.cucumber.core.runtime.CucumberExecutionContext.lambda$runTestCase$5(CucumberExecutionContext.java:137)\r\n\tat io.cucumber.core.runtime.RethrowingThrowableCollector.executeAndThrow(RethrowingThrowableCollector.java:23)\r\n\tat io.cucumber.core.runtime.CucumberExecutionContext.runTestCase(CucumberExecutionContext.java:137)\r\n\tat io.cucumber.testng.TestNGCucumberRunner.runScenario(TestNGCucumberRunner.java:129)\r\n\tat io.cucumber.testng.AbstractTestNGCucumberTests.runScenario(AbstractTestNGCucumberTests.java:35)\r\n\tat java.base/jdk.internal.reflect.NativeMethodAccessorImpl.invoke0(Native Method)\r\n\tat java.base/jdk.internal.reflect.NativeMethodAccessorImpl.invoke(NativeMethodAccessorImpl.java:77)\r\n\tat java.base/jdk.internal.reflect.DelegatingMethodAccessorImpl.invoke(DelegatingMethodAccessorImpl.java:43)\r\n\tat java.base/java.lang.reflect.Method.invoke(Method.java:568)\r\n\tat org.testng.internal.invokers.MethodInvocationHelper.invokeMethod(MethodInvocationHelper.java:139)\r\n\tat org.testng.internal.invokers.TestInvoker.invokeMethod(TestInvoker.java:664)\r\n\tat org.testng.internal.invokers.TestInvoker.invokeTestMethod(TestInvoker.java:227)\r\n\tat org.testng.internal.invokers.MethodRunner.runInSequence(MethodRunner.java:50)\r\n\tat org.testng.internal.invokers.TestInvoker$MethodInvocationAgent.invoke(TestInvoker.java:957)\r\n\tat org.testng.internal.invokers.TestInvoker.invokeTestMethods(TestInvoker.java:200)\r\n\tat org.testng.internal.invokers.TestMethodWorker.invokeTestMethods(TestMethodWorker.java:148)\r\n\tat org.testng.internal.invokers.TestMethodWorker.run(TestMethodWorker.java:128)\r\n\tat java.base/java.util.ArrayList.forEach(ArrayList.java:1511)\r\n\tat org.testng.TestRunner.privateRun(TestRunner.java:848)\r\n\tat org.testng.TestRunner.run(TestRunner.java:621)\r\n\tat org.testng.SuiteRunner.runTest(SuiteRunner.java:443)\r\n\tat org.testng.SuiteRunner.runSequentially(SuiteRunner.java:437)\r\n\tat org.testng.SuiteRunner.privateRun(SuiteRunner.java:397)\r\n\tat org.testng.SuiteRunner.run(SuiteRunner.java:336)\r\n\tat org.testng.SuiteRunnerWorker.runSuite(SuiteRunnerWorker.java:52)\r\n\tat org.testng.SuiteRunnerWorker.run(SuiteRunnerWorker.java:95)\r\n\tat org.testng.TestNG.runSuitesSequentially(TestNG.java:1280)\r\n\tat org.testng.TestNG.runSuitesLocally(TestNG.java:1200)\r\n\tat org.testng.TestNG.runSuites(TestNG.java:1114)\r\n\tat org.testng.TestNG.run(TestNG.java:1082)\r\n\tat com.intellij.rt.testng.IDEARemoteTestNG.run(IDEARemoteTestNG.java:66)\r\n\tat com.intellij.rt.testng.RemoteTestNGStarter.main(RemoteTestNGStarter.java:105)\r\n","name":"io.cucumber.core.exception.CucumberException"}}],"media":[],"exceptions":[{"exception":{"detailMessage":"Step [I verify that page is scrolled up and {string} text is visible on screen] is defined with 0 parameters at \u0027com.automation.exercise.steps.Test22To26Steps.iVerifyThatPageIsScrolledUpAndFullFledgedPracticeWebsiteForAutomationEngineersTextIsVisibleOnScreen()\u0027.\nHowever, the gherkin step has 1 arguments:\n * \u0027Full-Fledged practice website for Automation Engineers\u0027\nStep text: I verify that page is scrolled up and \u0027Full-Fledged practice website for Automation Engineers\u0027 text is visible on screen","stackTrace":[{"classLoaderName":"app","declaringClass":"io.cucumber.core.runner.PickleStepDefinitionMatch","methodName":"arityMismatch","fileName":"PickleStepDefinitionMatch.java","lineNumber":83,"format":1},{"classLoaderName":"app","declaringClass":"io.cucumber.core.runner.PickleStepDefinitionMatch","methodName":"runStep","fileName":"PickleStepDefinitionMatch.java","lineNumber":42,"format":1},{"classLoaderName":"app","declaringClass":"io.cucumber.core.runner.ExecutionMode$1","methodName":"execute","fileName":"ExecutionMode.java","lineNumber":10,"format":1},{"classLoaderName":"app","declaringClass":"io.cucumber.core.runner.TestStep","methodName":"executeStep","fileName":"TestStep.java","lineNumber":84,"format":1},{"classLoaderName":"app","declaringClass":"io.cucumber.core.runner.TestStep","methodName":"run","fileName":"TestStep.java","lineNumber":56,"format":1},{"classLoaderName":"app","declaringClass":"io.cucumber.core.runner.PickleStepTestStep","methodName":"run","fileName":"PickleStepTestStep.java","lineNumber":51,"format":1},{"classLoaderName":"app","declaringClass":"io.cucumber.core.runner.TestCase","methodName":"run","fileName":"TestCase.java","lineNumber":84,"format":1},{"classLoaderName":"app","declaringClass":"io.cucumber.core.runner.Runner","methodName":"runPickle","fileName":"Runner.java","lineNumber":75,"format":1},{"classLoaderName":"app","declaringClass":"io.cucumber.testng.TestNGCucumberRunner","methodName":"lambda$runScenario$1","fileName":"TestNGCucumberRunner.java","lineNumber":132,"format":1},{"classLoaderName":"app","declaringClass":"io.cucumber.core.runtime.CucumberExecutionContext","methodName":"lambda$runTestCase$5","fileName":"CucumberExecutionContext.java","lineNumber":137,"format":1},{"classLoaderName":"app","declaringClass":"io.cucumber.core.runtime.RethrowingThrowableCollector","methodName":"executeAndThrow","fileName":"RethrowingThrowableCollector.java","lineNumber":23,"format":1},{"classLoaderName":"app","declaringClass":"io.cucumber.core.runtime.CucumberExecutionContext","methodName":"runTestCase","fileName":"CucumberExecutionContext.java","lineNumber":137,"format":1},{"classLoaderName":"app","declaringClass":"io.cucumber.testng.TestNGCucumberRunner","methodName":"runScenario","fileName":"TestNGCucumberRunner.java","lineNumber":129,"format":1},{"classLoaderName":"app","declaringClass":"io.cucumber.testng.AbstractTestNGCucumberTests","methodName":"runScenario","fileName":"AbstractTestNGCucumberTests.java","lineNumber":35,"format":1},{"moduleName":"java.base","moduleVersion":"17.0.8","declaringClass":"jdk.internal.reflect.NativeMethodAccessorImpl","methodName":"invoke0","fileName":"NativeMethodAccessorImpl.java","lineNumber":-2,"format":2},{"moduleName":"java.base","moduleVersion":"17.0.8","declaringClass":"jdk.internal.reflect.NativeMethodAccessorImpl","methodName":"invoke","fileName":"NativeMethodAccessorImpl.java","lineNumber":77,"format":2},{"moduleName":"java.base","moduleVersion":"17.0.8","declaringClass":"jdk.internal.reflect.DelegatingMethodAccessorImpl","methodName":"invoke","fileName":"DelegatingMethodAccessorImpl.java","lineNumber":43,"format":2},{"moduleName":"java.base","moduleVersion":"17.0.8","declaringClass":"java.lang.reflect.Method","methodName":"invoke","fileName":"Method.java","lineNumber":568,"format":2},{"classLoaderName":"app","declaringClass":"org.testng.internal.invokers.MethodInvocationHelper","methodName":"invokeMethod","fileName":"MethodInvocationHelper.java","lineNumber":139,"format":1},{"classLoaderName":"app","declaringClass":"org.testng.internal.invokers.TestInvoker","methodName":"invokeMethod","fileName":"TestInvoker.java","lineNumber":664,"format":1},{"classLoaderName":"app","declaringClass":"org.testng.internal.invokers.TestInvoker","methodName":"invokeTestMethod","fileName":"TestInvoker.java","lineNumber":227,"format":1},{"classLoaderName":"app","declaringClass":"org.testng.internal.invokers.MethodRunner","methodName":"runInSequence","fileName":"MethodRunner.java","lineNumber":50,"format":1},{"classLoaderName":"app","declaringClass":"org.testng.internal.invokers.TestInvoker$MethodInvocationAgent","methodName":"invoke","fileName":"TestInvoker.java","lineNumber":957,"format":1},{"classLoaderName":"app","declaringClass":"org.testng.internal.invokers.TestInvoker","methodName":"invokeTestMethods","fileName":"TestInvoker.java","lineNumber":200,"format":1},{"classLoaderName":"app","declaringClass":"org.testng.internal.invokers.TestMethodWorker","methodName":"invokeTestMethods","fileName":"TestMethodWorker.java","lineNumber":148,"format":1},{"classLoaderName":"app","declaringClass":"org.testng.internal.invokers.TestMethodWorker","methodName":"run","fileName":"TestMethodWorker.java","lineNumber":128,"format":1},{"moduleName":"java.base","moduleVersion":"17.0.8","declaringClass":"java.util.ArrayList","methodName":"forEach","fileName":"ArrayList.java","lineNumber":1511,"format":2},{"classLoaderName":"app","declaringClass":"org.testng.TestRunner","methodName":"privateRun","fileName":"TestRunner.java","lineNumber":848,"format":1},{"classLoaderName":"app","declaringClass":"org.testng.TestRunner","methodName":"run","fileName":"TestRunner.java","lineNumber":621,"format":1},{"classLoaderName":"app","declaringClass":"org.testng.SuiteRunner","methodName":"runTest","fileName":"SuiteRunner.java","lineNumber":443,"format":1},{"classLoaderName":"app","declaringClass":"org.testng.SuiteRunner","methodName":"runSequentially","fileName":"SuiteRunner.java","lineNumber":437,"format":1},{"classLoaderName":"app","declaringClass":"org.testng.SuiteRunner","methodName":"privateRun","fileName":"SuiteRunner.java","lineNumber":397,"format":1},{"classLoaderName":"app","declaringClass":"org.testng.SuiteRunner","methodName":"run","fileName":"SuiteRunner.java","lineNumber":336,"format":1},{"classLoaderName":"app","declaringClass":"org.testng.SuiteRunnerWorker","methodName":"runSuite","fileName":"SuiteRunnerWorker.java","lineNumber":52,"format":1},{"classLoaderName":"app","declaringClass":"org.testng.SuiteRunnerWorker","methodName":"run","fileName":"SuiteRunnerWorker.java","lineNumber":95,"format":1},{"classLoaderName":"app","declaringClass":"org.testng.TestNG","methodName":"runSuitesSequentially","fileName":"TestNG.java","lineNumber":1280,"format":1},{"classLoaderName":"app","declaringClass":"org.testng.TestNG","methodName":"runSuitesLocally","fileName":"TestNG.java","lineNumber":1200,"format":1},{"classLoaderName":"app","declaringClass":"org.testng.TestNG","methodName":"runSuites","fileName":"TestNG.java","lineNumber":1114,"format":1},{"classLoaderName":"app","declaringClass":"org.testng.TestNG","methodName":"run","fileName":"TestNG.java","lineNumber":1082,"format":1},{"classLoaderName":"app","declaringClass":"com.intellij.rt.testng.IDEARemoteTestNG","methodName":"run","fileName":"IDEARemoteTestNG.java","lineNumber":66,"format":1},{"classLoaderName":"app","declaringClass":"com.intellij.rt.testng.RemoteTestNGStarter","methodName":"main","fileName":"RemoteTestNGStarter.java","lineNumber":105,"format":1}],"suppressedExceptions":[]},"stackTrace":"io.cucumber.core.exception.CucumberException: Step [I verify that page is scrolled up and {string} text is visible on screen] is defined with 0 parameters at \u0027com.automation.exercise.steps.Test22To26Steps.iVerifyThatPageIsScrolledUpAndFullFledgedPracticeWebsiteForAutomationEngineersTextIsVisibleOnScreen()\u0027.\nHowever, the gherkin step has 1 arguments:\n * \u0027Full-Fledged practice website for Automation Engineers\u0027\nStep text: I verify that page is scrolled up and \u0027Full-Fledged practice website for Automation Engineers\u0027 text is visible on screen\r\n\tat io.cucumber.core.runner.PickleStepDefinitionMatch.arityMismatch(PickleStepDefinitionMatch.java:83)\r\n\tat io.cucumber.core.runner.PickleStepDefinitionMatch.runStep(PickleStepDefinitionMatch.java:42)\r\n\tat io.cucumber.core.runner.ExecutionMode$1.execute(ExecutionMode.java:10)\r\n\tat io.cucumber.core.runner.TestStep.executeStep(TestStep.java:84)\r\n\tat io.cucumber.core.runner.TestStep.run(TestStep.java:56)\r\n\tat io.cucumber.core.runner.PickleStepTestStep.run(PickleStepTestStep.java:51)\r\n\tat io.cucumber.core.runner.TestCase.run(TestCase.java:84)\r\n\tat io.cucumber.core.runner.Runner.runPickle(Runner.java:75)\r\n\tat io.cucumber.testng.TestNGCucumberRunner.lambda$runScenario$1(TestNGCucumberRunner.java:132)\r\n\tat io.cucumber.core.runtime.CucumberExecutionContext.lambda$runTestCase$5(CucumberExecutionContext.java:137)\r\n\tat io.cucumber.core.runtime.RethrowingThrowableCollector.executeAndThrow(RethrowingThrowableCollector.java:23)\r\n\tat io.cucumber.core.runtime.CucumberExecutionContext.runTestCase(CucumberExecutionContext.java:137)\r\n\tat io.cucumber.testng.TestNGCucumberRunner.runScenario(TestNGCucumberRunner.java:129)\r\n\tat io.cucumber.testng.AbstractTestNGCucumberTests.runScenario(AbstractTestNGCucumberTests.java:35)\r\n\tat java.base/jdk.internal.reflect.NativeMethodAccessorImpl.invoke0(Native Method)\r\n\tat java.base/jdk.internal.reflect.NativeMethodAccessorImpl.invoke(NativeMethodAccessorImpl.java:77)\r\n\tat java.base/jdk.internal.reflect.DelegatingMethodAccessorImpl.invoke(DelegatingMethodAccessorImpl.java:43)\r\n\tat java.base/java.lang.reflect.Method.invoke(Method.java:568)\r\n\tat org.testng.internal.invokers.MethodInvocationHelper.invokeMethod(MethodInvocationHelper.java:139)\r\n\tat org.testng.internal.invokers.TestInvoker.invokeMethod(TestInvoker.java:664)\r\n\tat org.testng.internal.invokers.TestInvoker.invokeTestMethod(TestInvoker.java:227)\r\n\tat org.testng.internal.invokers.MethodRunner.runInSequence(MethodRunner.java:50)\r\n\tat org.testng.internal.invokers.TestInvoker$MethodInvocationAgent.invoke(TestInvoker.java:957)\r\n\tat org.testng.internal.invokers.TestInvoker.invokeTestMethods(TestInvoker.java:200)\r\n\tat org.testng.internal.invokers.TestMethodWorker.invokeTestMethods(TestMethodWorker.java:148)\r\n\tat org.testng.internal.invokers.TestMethodWorker.run(TestMethodWorker.java:128)\r\n\tat java.base/java.util.ArrayList.forEach(ArrayList.java:1511)\r\n\tat org.testng.TestRunner.privateRun(TestRunner.java:848)\r\n\tat org.testng.TestRunner.run(TestRunner.java:621)\r\n\tat org.testng.SuiteRunner.runTest(SuiteRunner.java:443)\r\n\tat org.testng.SuiteRunner.runSequentially(SuiteRunner.java:437)\r\n\tat org.testng.SuiteRunner.privateRun(SuiteRunner.java:397)\r\n\tat org.testng.SuiteRunner.run(SuiteRunner.java:336)\r\n\tat org.testng.SuiteRunnerWorker.runSuite(SuiteRunnerWorker.java:52)\r\n\tat org.testng.SuiteRunnerWorker.run(SuiteRunnerWorker.java:95)\r\n\tat org.testng.TestNG.runSuitesSequentially(TestNG.java:1280)\r\n\tat org.testng.TestNG.runSuitesLocally(TestNG.java:1200)\r\n\tat org.testng.TestNG.runSuites(TestNG.java:1114)\r\n\tat org.testng.TestNG.run(TestNG.java:1082)\r\n\tat com.intellij.rt.testng.IDEARemoteTestNG.run(IDEARemoteTestNG.java:66)\r\n\tat com.intellij.rt.testng.RemoteTestNGStarter.main(RemoteTestNGStarter.java:105)\r\n","name":"io.cucumber.core.exception.CucumberException"}],"authorSet":[],"categorySet":[],"deviceSet":[],"generatedLog":[]},{"useNaturalConf":true,"startTime":"Jan 1, 2024, 2:13:02 PM","endTime":"Jan 1, 2024, 2:13:02 PM","status":"PASS","level":2,"isLeaf":true,"name":"com.automation.exercise.steps.Hooks.tearDown(io.cucumber.java.Scenario)","description":"AFTER","bddType":"com.aventstack.extentreports.gherkin.model.Asterisk","infoMap":{},"children":[],"logs":[{"timestamp":"Jan 1, 2024, 2:13:02 PM","status":"INFO","details":"Test Case 26 Verify Scroll Up without \u0027Arrow\u0027 button and Scroll Down functionality","seq":0,"infoMap":{},"media":{"path":"../screenshots/embedded1.jpg"}},{"timestamp":"Jan 1, 2024, 2:13:02 PM","status":"PASS","details":"","seq":1,"infoMap":{}}],"media":[],"exceptions":[],"authorSet":[],"categorySet":[],"deviceSet":[],"generatedLog":[]}],"logs":[],"media":[],"exceptions":[],"authorSet":[],"categorySet":[{"name":"@new"},{"name":"@HU"},{"name":"@Regression"}],"deviceSet":[],"generatedLog":[]}],"logs":[],"media":[],"exceptions":[],"authorSet":[],"categorySet":[],"deviceSet":[],"generatedLog":[]}]