

<!DOCTYPE html>
<html>
<head>
<meta charset="UTF-8">
<meta name="viewport" content="width=device-width, initial-scale=1, shrink-to-fit=no">
<title>Extent Report</title>
<link rel="apple-touch-icon" href="https://cdn.jsdelivr.net/gh/extent-framework/extent-github-cdn@b00a2d0486596e73dd7326beacf352c639623a0e/commons/img/logo.png">
<link rel="shortcut icon" href="https://cdn.jsdelivr.net/gh/extent-framework/extent-github-cdn@b00a2d0486596e73dd7326beacf352c639623a0e/commons/img/logo.png">
<link href="https://cdn.jsdelivr.net/gh/extent-framework/extent-github-cdn@d6562a79075e061305ccfdb82f01e5e195e2d307/spark/css/spark-style.css" rel="stylesheet" />
<link href="https://stackpath.bootstrapcdn.com/font-awesome/4.7.0/css/font-awesome.min.css" rel="stylesheet">
<script src="https://cdn.jsdelivr.net/gh/extent-framework/extent-github-cdn@7cc78ce/spark/js/jsontree.js"></script>
<style type="text/css"></style></head><body class="spa bdd-report dark">
  <div class="app">
    <div class="layout">
<div class="header navbar">
<div class="vheader">
<div class="nav-logo">
<a href="#">
<div class="logo" style="background-image: url('https://cdn.jsdelivr.net/gh/extent-framework/extent-github-cdn@b00a2d0486596e73dd7326beacf352c639623a0e/commons/img/logo.png')"></div>
</a>
</div>
<ul class="nav-left">
<li class="search-box">
<a class="search-toggle" href="#">
<i class="search-icon fa fa-search"></i>
<i class="search-icon-close fa fa-close"></i>
</a>
</li>
<li class="search-input"><input id="search-tests" class="form-control" type="text" placeholder="Search..."></li>
</ul>
<ul class="nav-right">
<li class="m-r-10">
<a href="#"><span class="badge badge-primary">Automation Exercise Report</span></a>
</li>
<li class="m-r-10">
<a href="#"><span class="badge badge-primary">Jan 1, 2024 01:25:10 PM</span></a>
</li>
</ul>
</div>
</div><div class="side-nav">
<div class="side-nav-inner">
<ul class="side-nav-menu">
<li class="nav-item dropdown" onclick="toggleView('dashboard-view')">
<a id="nav-dashboard" class="dropdown-toggle" href="#">
<span class="ico"><i class="fa fa-bar-chart"></i></span>
</a>
</li>
<li class="nav-item dropdown" onclick="toggleView('test-view')">
<a id="nav-test" class="dropdown-toggle" href="#">
<span class="ico"><i class="fa fa-list"></i></span>
</a>
</li>
<li class="nav-item dropdown" onclick="toggleView('category-view')">
<a id="nav-category" class="dropdown-toggle" href="#">
<span class="ico"><i class="fa fa-tag"></i></span>
</a>
</li>
<li class="nav-item dropdown" onclick="toggleView('exception-view')">
<a id="nav-exception" class="dropdown-toggle" href="#">
<span class="ico"><i class="fa fa-bug"></i></span>
</a>
</li>
</ul>
</div>
</div>      <div class="vcontainer">
        <div class="main-content">
<div class="container-fluid p-4 view dashboard-view">
<div class="row">
<div class="col-md-3">
<div class="card"><div class="card-body">
<p class="m-b-0">Started</p>
<h3>Jan 1, 2024 01:25:10 PM</h3>
</div></div>
</div>
<div class="col-md-3">
<div class="card"><div class="card-body">
<p class="m-b-0">Ended</p>
<h3>Jan 1, 2024 01:25:46 PM</h3>
</div></div>
</div>
<div class="col-md-3">
<div class="card"><div class="card-body">
<p class="m-b-0 text-pass">Features Passed</p>
<h3>0</h3>
</div></div>
</div>
<div class="col-md-3">
<div class="card"><div class="card-body">
<p class="m-b-0 text-fail">Features Failed</p>
<h3>2</h3>
</div></div>
</div>
</div>
<div class="row">
<div class="col-md-4">
<div class="card">
<div class="card-header">
<h6 class="card-title">Features</h6>
</div>
<div class="card-body">
<div class="">
<canvas id='parent-analysis' width='115' height='90'></canvas>
</div>
</div>
<div class="card-footer">
<div><small data-tooltip='0%'>
<b>0</b> features passed
</small>
</div>
<div>
<small data-tooltip='100%'><b>2</b> features failed,
<b>0</b> skipped, <b data-tooltip='0%'>0</b> others
</small>
</div>
</div>
</div>
</div>
<div class="col-md-4">
<div class="card">
<div class="card-header">
<h6 class="card-title">Scenarios</h6>
</div>
<div class="card-body">
<div class="">
<canvas id='child-analysis' width='115' height='90'></canvas>
</div>
</div>
<div class="card-footer">
<div><small data-tooltip='0%'><b>0</b> scenarios passed</small></div>
<div>
<small data-tooltip='100%'><b>2</b> scenarios failed,
<b>0</b> skipped, <b data-tooltip='%'>0</b> others
</small>
</div>
</div>
</div>
</div>
<div class="col-md-4">
<div class="card">
<div class="card-header">
<h6 class="card-title">Steps</h6>
</div>
<div class="card-body">
<div class="">
<canvas id='grandchild-analysis' width='115' height='90'></canvas>
</div>
</div>
<div class="card-footer">
<div><small data-tooltip='56%'><b>14</b> steps passed</small></div>
<div>
<small data-tooltip='12%'><b>3</b> steps failed,
<b>8</b> skipped, <b data-tooltip='%'>0</b> others
</small>
</div>
</div>
</div>
</div>
</div>
<div class="row"><div class="col-md-12">
<div class="card"><div class="card-header"><p>Timeline</p></div>
<div class="card-body pt-0"><div>
<canvas id="timeline" height="120"></canvas>
</div></div>
</div>
</div></div>
<script>
var timeline = {
"Test Cases 6, 7, 8, 9, 10 and 11":12.224,"Test 17, Test 18, Test 19, Test 20 and Test 21":22.661
};
</script>
<div class="row">
<div class="col-lg-6 col-md-12 category-container">
<div class="card">
<div class="card-header"><p>Tags</p></div>
<div class="card-body pb-0 pt-0"><table class="table table-sm table-bordered">
<thead><tr class="bg-gray"><th>Name</th><th>Passed</th><th>Failed</th><th>Skipped</th><th>Others</th><th>Passed %</th></tr></thead><tbody>
<tr>
<td>@new</td>
<td>0</td>
<td>2</td>
<td>0</td>
<td>0</td>
<td>0%</td>
</tr>
<tr>
<td>@Regression</td>
<td>0</td>
<td>2</td>
<td>0</td>
<td>0</td>
<td>0%</td>
</tr>
<tr>
<td>@HU</td>
<td>0</td>
<td>2</td>
<td>0</td>
<td>0</td>
<td>0%</td>
</tr>
</tbody>
</table></div>
</div>
</div>
<div class="col-lg-6 col-md-12 sysenv-container">
<div class="card">
<div class="card-header"><p>System/Environment</p></div>
<div class="card-body pb-0 pt-0"><table class="table table-sm table-bordered">
<thead><tr class="bg-gray"><th>Name</th><th>Value</th></tr></thead>
<tbody>
<tr>
<td>Engineer</td>
<td>HU</td>
</tr>
<tr>
<td>Project</td>
<td>Automation Exercise</td>
</tr>
<tr>
<td>os</td>
<td>Windows</td>
</tr>
</tbody>
</table></div>
</div>
</div>
</div>
</div>
<script>
var statusGroup = {
parentCount: 5,
passParent: 0,
failParent: 2,
warningParent: 0,
skipParent: 0,
childCount: 5,
passChild: 0,
failChild: 2,
warningChild: 0,
skipChild: 0,
infoChild: 0,
grandChildCount: 5,
passGrandChild: 14,
failGrandChild: 3,
warningGrandChild: 0,
skipGrandChild: 8,
infoGrandChild: 0,
eventsCount: 5,
};
</script><div class="test-wrapper row view test-view">
  <div class="test-list">
    <div class="test-list-tools">
<ul class="tools pull-left">
<li><a href="#"><span class="font-size-14">Tests</span></a></li>
</ul>
<ul class="tools text-right">
<li class="dropdown">
<a href="#" class="dropdown-toggle" data-toggle="dropdown"><i class="fa fa-exclamation-circle"></i></a>
<ul id="status-toggle" class="dropdown-menu dropdown-md p-v-0">
<a class="dropdown-item" status="fail" href="#"><span>Fail</span><span class="status danger"></span></a>
<div class="dropdown-divider"></div>
<a status="clear" class="dropdown-item" href="#"><span>Clear</span><span class="pull-right"><i class="fa fa-close"></i></span></a>
</ul>
</li>
<li class="dropdown">
<a href="#" class="dropdown-toggle" data-toggle="dropdown"><i class="fa fa-tag"></i></a>
<ul id="tag-toggle" class="dropdown-menu dropdown-md p-v-0">
<a class="dropdown-item" href="#">@new</a><a class="dropdown-item" href="#">@Regression</a><a class="dropdown-item" href="#">@HU</a>
</ul>
</li>
</ul>
</div>    <div class="test-list-wrapper scrollable">
      <ul class="test-list-item">
        <li class="test-item"  status="fail" test-id="1"
          author=""
          tag=""
          device="">
          <div class="test-detail">
            <p class="name">Test Cases 6, 7, 8, 9, 10 and 11</p>
            <p class="text-sm">
              <span>1:25:11 PM</span> / <span>00:00:12:224</span>
              <span class="badge fail-bg log float-right">Fail</span>
            </p>
          </div>
          <div class="test-contents d-none">
<div class="detail-head">
<div class="p-v-10">
<div class="info">
<h5 class="test-status text-fail">Test Cases 6, 7, 8, 9, 10 and 11</h5>
<span class='badge badge-success'>01.01.2024 1:25:11 PM</span>
<span class='badge badge-danger'>01.01.2024 1:25:23 PM</span>
<span class='badge badge-default'>00:00:12:224</span>
&middot; <span class='uri-anchor badge badge-default'>#test-id=1</span>
<span class='badge badge-default pointer float-right ml-1 et'><i class="fa fa-chevron-down"></i></span>
<span class='badge badge-default pointer float-right ct'><i class="fa fa-chevron-up"></i></span>
</div>
<div class="m-t-10 m-l-5"> As an User I want to check
Test Case 6 Contact Us Form
Test Case 7 Verify Test Cases Page
Test Case 8 Verify All Products and product detail page
Test Case 9 Search Product
Test Case 10 Verify Subscription in home page
Test Case 11 Verify Subscription in Cart page</div>
</div>
</div>
<div class="accordion mt-4">
  <div class="card">
    <div class="card-header" role="tab">
      <div class="card-title">
        <div class="node" id="2"><span class="badge log fail-bg mr-2">Fail</span>Test Case 8 Verify All Products and product detail page</div>
          <div class="status-avatar float-right mr-4">
            <i class="fa fa-paperclip"></i>
          </div>
      </div>
    </div>
        <div class="">
          <div class="card-body">
              <div class="step pass-bg" title="com.automation.exercise.steps.Test1To5Steps.iLaunchTheBrowser()">
                <span>Given I launch the browser</span>
      <div>
      </div>
              </div>
              <div class="step pass-bg" title="com.automation.exercise.steps.Test1To5Steps.iNavigateToGivenUrl()">
                <span>And I navigate to given url</span>
      <div>
      </div>
              </div>
              <div class="step pass-bg" title="com.automation.exercise.steps.Test1To5Steps.iVerifyThatHomePageIsVisibleSuccessfully()">
                <span>And I verify that home page is visible successfully</span>
      <div>
      </div>
              </div>
              <div class="step pass-bg" title="com.automation.exercise.steps.Test6To11Steps.iClickOnProductsProductsButton(java.lang.String)">
                <span>When I click on Products 'Products' button</span>
      <div>
      </div>
              </div>
              <div class="step pass-bg" title="com.automation.exercise.steps.Test6To11Steps.iVerifyUserIsNavigatedToALLPRODUCTSPageSuccessfully(java.lang.String)">
                <span>And I verify user is navigated to ALL PRODUCTS "ALL PRODUCTS" page successfully</span>
      <div>
      </div>
              </div>
              <div class="step pass-bg" title="com.automation.exercise.steps.Test6To11Steps.iSeeTheProductsListIsVisible()">
                <span>And I see The products list is visible</span>
      <div>
      </div>
              </div>
              <div class="step pass-bg" title="com.automation.exercise.steps.Test6To11Steps.iClickOnViewProductOfFirstProduct(java.lang.String)">
                <span>And I click on view product of first product "Blue Top"</span>
      <div>
      </div>
              </div>
              <div class="step fail-bg" title="com.automation.exercise.steps.Test6To11Steps.iUserIsLandedToProductDetailPage()">
                <span>And I user is landed to product detail page</span>
      <div>
        <textarea disabled class="code-block">java.lang.AssertionError: Product Details - Error expected [true] but found [false]
	at org.testng.Assert.fail(Assert.java:111)
	at org.testng.Assert.failNotEquals(Assert.java:1578)
	at org.testng.Assert.assertTrue(Assert.java:57)
	at com.automation.exercise.steps.Test6To11Steps.iUserIsLandedToProductDetailPage(Test6To11Steps.java:79)
	at ✽.I user is landed to product detail page(file:///C:/Users/imsky/IdeaProjects/automation-exercise-com/src/test/resources/features/Test6to11.feature:43)
</textarea>
      
      </div>
              </div>
              <div class="step skip-bg" title="com.automation.exercise.steps.Test6To11Steps.iVerifyThatProductNameDetailIsVisible(java.lang.String)">
                <span>Then I verify that product name detail "Blue Top" is visible</span>
      <div>Step skipped
      </div>
              </div>
              <div class="step skip-bg" title="com.automation.exercise.steps.Test6To11Steps.iVerifyThatCategoryDetailIsVisible(java.lang.String)">
                <span>And I verify that category detail "Category: Women > Tops" is visible</span>
      <div>Step skipped
      </div>
              </div>
              <div class="step skip-bg" title="com.automation.exercise.steps.Test6To11Steps.iVerifyThatPriceDetailIsVisible(java.lang.String)">
                <span>And I verify that price detail "Rs. 500" is visible</span>
      <div>Step skipped
      </div>
              </div>
              <div class="step skip-bg" title="com.automation.exercise.steps.Test6To11Steps.iVerifyThatAvailabilityDetailIsVisible(java.lang.String)">
                <span>And I verify that availability detail "Availability: In Stock" is visible</span>
      <div>Step skipped
      </div>
              </div>
              <div class="step skip-bg" title="com.automation.exercise.steps.Test6To11Steps.iVerifyThatConditionDetailIsVisible(java.lang.String)">
                <span>And I verify that condition detail "Condition: New" is visible</span>
      <div>Step skipped
      </div>
              </div>
              <div class="step skip-bg" title="com.automation.exercise.steps.Test6To11Steps.iVerifyThatBrandDetailIsVisible(java.lang.String)">
                <span>And I verify that brand detail "Brand: Polo" is visible</span>
      <div>Step skipped
      </div>
              </div>
              <div class="step pass-bg" title="AFTER">
                <span>com.automation.exercise.steps.Hooks.tearDown(io.cucumber.java.Scenario)</span>
      <div>Test Case 8 Verify All Products and product detail page
          <div class="row mb-3"><div class="col-md-3">
<img data-featherlight='../screenshots/embedded1.jpg' src="../screenshots/embedded1.jpg">
    
    </div></div>
</div>
      <div>
      </div>
              </div>
          </div>
        </div>
  </div>
</div>
          </div>
        </li>
        <li class="test-item"  status="fail" test-id="19"
          author=""
          tag=""
          device="">
          <div class="test-detail">
            <p class="name">Test 17, Test 18, Test 19, Test 20 and Test 21</p>
            <p class="text-sm">
              <span>1:25:24 PM</span> / <span>00:00:22:661</span>
              <span class="badge fail-bg log float-right">Fail</span>
            </p>
          </div>
          <div class="test-contents d-none">
<div class="detail-head">
<div class="p-v-10">
<div class="info">
<h5 class="test-status text-fail">Test 17, Test 18, Test 19, Test 20 and Test 21</h5>
<span class='badge badge-success'>01.01.2024 1:25:24 PM</span>
<span class='badge badge-danger'>01.01.2024 1:25:46 PM</span>
<span class='badge badge-default'>00:00:22:661</span>
&middot; <span class='uri-anchor badge badge-default'>#test-id=19</span>
<span class='badge badge-default pointer float-right ml-1 et'><i class="fa fa-chevron-down"></i></span>
<span class='badge badge-default pointer float-right ct'><i class="fa fa-chevron-up"></i></span>
</div>
<div class="m-t-10 m-l-5"> As an User, I want to check
Test Case 17 Remove Products From Cart
Test Case 18 View Category Products
Test Case 19 View & Cart Brand Products
Test Case 20 Search Products and Verify Cart After Login
Test Case 21 Add review on product</div>
</div>
</div>
<div class="accordion mt-4">
  <div class="card">
    <div class="card-header" role="tab">
      <div class="card-title">
        <div class="node" id="20"><span class="badge log fail-bg mr-2">Fail</span>Test Case 19 View & Cart Brand Products</div>
      </div>
    </div>
        <div class="">
          <div class="card-body">
              <div class="step pass-bg" title="com.automation.exercise.steps.Test1To5Steps.iLaunchTheBrowser()">
                <span>Given I launch the browser</span>
      <div>
      </div>
              </div>
              <div class="step pass-bg" title="com.automation.exercise.steps.Test1To5Steps.iNavigateToGivenUrl()">
                <span>And I navigate to given url</span>
      <div>
      </div>
              </div>
              <div class="step pass-bg" title="com.automation.exercise.steps.Test1To5Steps.iVerifyThatHomePageIsVisibleSuccessfully()">
                <span>And I verify that home page is visible successfully</span>
      <div>
      </div>
              </div>
              <div class="step pass-bg" title="com.automation.exercise.steps.Test6To11Steps.iClickOnProductsProductsButton(java.lang.String)">
                <span>When I click on Products 'Products' button</span>
      <div>
      </div>
              </div>
              <div class="step pass-bg" title="com.automation.exercise.steps.Test17To21Steps.iVerifyThatBrandsAreVisibleOnLeftSideBar()">
                <span>And I verify that Brands are visible on left side bar</span>
      <div>
      </div>
              </div>
              <div class="step pass-bg" title="com.automation.exercise.steps.Test17To21Steps.iClickOnBrandName(java.lang.String)">
                <span>And I click on "Babyhug" brand name</span>
      <div>
      </div>
              </div>
              <div class="step fail-bg" title="com.automation.exercise.steps.Test17To21Steps.iVerifyThatUserIsNavigatedToBrandPage(java.lang.String)">
                <span>And I verify that user is navigated to brand page "TEXT"</span>
      <div>
        <textarea disabled class="code-block">org.openqa.selenium.NoSuchWindowException: no such window: target window already closed
from unknown error: web view not found
  (Session info: chrome=120.0.6099.130)
Build info: version: '4.16.1', revision: '9b4c83354e'
System info: os.name: 'Windows 11', os.arch: 'amd64', os.version: '10.0', java.version: '17.0.8'
Driver info: org.openqa.selenium.chrome.ChromeDriver
Command: [4be6de1f6f321de450c78898db6f61ab, findElement {using=xpath, value=//h2[normalize-space()='Brand - Babyhug Products']}]
Capabilities {acceptInsecureCerts: false, browserName: chrome, browserVersion: 120.0.6099.130, chrome: {chromedriverVersion: 120.0.6099.109 (3419140ab66..., userDataDir: C:\Users\imsky\AppData\Loca...}, fedcm:accounts: true, goog:chromeOptions: {debuggerAddress: localhost:61941}, networkConnectionEnabled: false, pageLoadStrategy: normal, platformName: windows, proxy: Proxy(), se:cdp: ws://localhost:61941/devtoo..., se:cdpVersion: 120.0.6099.130, setWindowRect: true, strictFileInteractability: false, timeouts: {implicit: 0, pageLoad: 300000, script: 30000}, unhandledPromptBehavior: dismiss and notify, webauthn:extension:credBlob: true, webauthn:extension:largeBlob: true, webauthn:extension:minPinLength: true, webauthn:extension:prf: true, webauthn:virtualAuthenticators: true}
Session ID: 4be6de1f6f321de450c78898db6f61ab
	at java.base/jdk.internal.reflect.NativeConstructorAccessorImpl.newInstance0(Native Method)
	at java.base/jdk.internal.reflect.NativeConstructorAccessorImpl.newInstance(NativeConstructorAccessorImpl.java:77)
	at java.base/jdk.internal.reflect.DelegatingConstructorAccessorImpl.newInstance(DelegatingConstructorAccessorImpl.java:45)
	at java.base/java.lang.reflect.Constructor.newInstanceWithCaller(Constructor.java:499)
	at java.base/java.lang.reflect.Constructor.newInstance(Constructor.java:480)
	at org.openqa.selenium.remote.codec.w3c.W3CHttpResponseCodec.createException(W3CHttpResponseCodec.java:200)
	at org.openqa.selenium.remote.codec.w3c.W3CHttpResponseCodec.decode(W3CHttpResponseCodec.java:133)
	at org.openqa.selenium.remote.codec.w3c.W3CHttpResponseCodec.decode(W3CHttpResponseCodec.java:52)
	at org.openqa.selenium.remote.HttpCommandExecutor.execute(HttpCommandExecutor.java:191)
	at org.openqa.selenium.remote.service.DriverCommandExecutor.invokeExecute(DriverCommandExecutor.java:200)
	at org.openqa.selenium.remote.service.DriverCommandExecutor.execute(DriverCommandExecutor.java:175)
	at org.openqa.selenium.remote.RemoteWebDriver.execute(RemoteWebDriver.java:523)
	at org.openqa.selenium.remote.ElementLocation$ElementFinder$2.findElement(ElementLocation.java:165)
	at org.openqa.selenium.remote.ElementLocation.findElement(ElementLocation.java:59)
	at org.openqa.selenium.remote.RemoteWebDriver.findElement(RemoteWebDriver.java:360)
	at org.openqa.selenium.remote.RemoteWebDriver.findElement(RemoteWebDriver.java:354)
	at org.openqa.selenium.support.pagefactory.DefaultElementLocator.findElement(DefaultElementLocator.java:68)
	at org.openqa.selenium.support.pagefactory.internal.LocatingElementHandler.invoke(LocatingElementHandler.java:38)
	at jdk.proxy2/jdk.proxy2.$Proxy30.toString(Unknown Source)
	at com.automation.exercise.pages.HomePage.verifyThatUserIsNavigatedToBrandPage(HomePage.java:481)
	at com.automation.exercise.steps.Test17To21Steps.iVerifyThatUserIsNavigatedToBrandPage(Test17To21Steps.java:80)
	at ✽.I verify that user is navigated to brand page "TEXT"(file:///C:/Users/imsky/IdeaProjects/automation-exercise-com/src/test/resources/features/test17to21.feature:49)
</textarea>
      
      </div>
              </div>
              <div class="step skip-bg" title="com.automation.exercise.steps.Test17To21Steps.iClickOnBrandName(java.lang.String)">
                <span>And I click on "Madame" brand name</span>
      <div>Step skipped
      </div>
              </div>
              <div class="step skip-bg" title="com.automation.exercise.steps.Test17To21Steps.iVerifyThatUserIsNavigatedToThatBrandPage(java.lang.String)">
                <span>And I verify that user is navigated to that brand page "TEXT1"</span>
      <div>Step skipped
      </div>
              </div>
              <div class="step fail-bg" title="AFTER">
                <span>com.automation.exercise.steps.Hooks.tearDown(io.cucumber.java.Scenario)</span>
      <div>
        <textarea disabled class="code-block">org.openqa.selenium.NoSuchWindowException: no such window: target window already closed
from unknown error: web view not found
  (Session info: chrome=120.0.6099.130)
Build info: version: '4.16.1', revision: '9b4c83354e'
System info: os.name: 'Windows 11', os.arch: 'amd64', os.version: '10.0', java.version: '17.0.8'
Driver info: org.openqa.selenium.chrome.ChromeDriver
Command: [4be6de1f6f321de450c78898db6f61ab, screenshot {}]
Capabilities {acceptInsecureCerts: false, browserName: chrome, browserVersion: 120.0.6099.130, chrome: {chromedriverVersion: 120.0.6099.109 (3419140ab66..., userDataDir: C:\Users\imsky\AppData\Loca...}, fedcm:accounts: true, goog:chromeOptions: {debuggerAddress: localhost:61941}, networkConnectionEnabled: false, pageLoadStrategy: normal, platformName: windows, proxy: Proxy(), se:cdp: ws://localhost:61941/devtoo..., se:cdpVersion: 120.0.6099.130, setWindowRect: true, strictFileInteractability: false, timeouts: {implicit: 0, pageLoad: 300000, script: 30000}, unhandledPromptBehavior: dismiss and notify, webauthn:extension:credBlob: true, webauthn:extension:largeBlob: true, webauthn:extension:minPinLength: true, webauthn:extension:prf: true, webauthn:virtualAuthenticators: true}
Session ID: 4be6de1f6f321de450c78898db6f61ab
	at java.base/jdk.internal.reflect.NativeConstructorAccessorImpl.newInstance0(Native Method)
	at java.base/jdk.internal.reflect.NativeConstructorAccessorImpl.newInstance(NativeConstructorAccessorImpl.java:77)
	at java.base/jdk.internal.reflect.DelegatingConstructorAccessorImpl.newInstance(DelegatingConstructorAccessorImpl.java:45)
	at java.base/java.lang.reflect.Constructor.newInstanceWithCaller(Constructor.java:499)
	at java.base/java.lang.reflect.Constructor.newInstance(Constructor.java:480)
	at org.openqa.selenium.remote.codec.w3c.W3CHttpResponseCodec.createException(W3CHttpResponseCodec.java:200)
	at org.openqa.selenium.remote.codec.w3c.W3CHttpResponseCodec.decode(W3CHttpResponseCodec.java:133)
	at org.openqa.selenium.remote.codec.w3c.W3CHttpResponseCodec.decode(W3CHttpResponseCodec.java:52)
	at org.openqa.selenium.remote.HttpCommandExecutor.execute(HttpCommandExecutor.java:191)
	at org.openqa.selenium.remote.service.DriverCommandExecutor.invokeExecute(DriverCommandExecutor.java:200)
	at org.openqa.selenium.remote.service.DriverCommandExecutor.execute(DriverCommandExecutor.java:175)
	at org.openqa.selenium.remote.RemoteWebDriver.execute(RemoteWebDriver.java:523)
	at org.openqa.selenium.remote.RemoteWebDriver.execute(RemoteWebDriver.java:596)
	at org.openqa.selenium.remote.RemoteWebDriver.execute(RemoteWebDriver.java:600)
	at org.openqa.selenium.remote.RemoteWebDriver.getScreenshotAs(RemoteWebDriver.java:326)
	at com.automation.exercise.utility.Utility.getScreenShot(Utility.java:348)
	at com.automation.exercise.steps.Hooks.tearDown(Hooks.java:19)
</textarea>
      
      </div>
              </div>
          </div>
        </div>
  </div>
</div>
          </div>
        </li>
      </ul>
    </div>
  </div>
<div class="test-content scrollable">
<div class="test-content-tools">
<ul><li><a class="back-to-test" href="#"><i class="fa fa-arrow-left"></i></a></li></ul>
</div>
<div class="test-content-detail"><div class="detail-body"></div></div>
</div></div>
<div class="test-wrapper row view category-view attributes-view">
<div class="test-list">
<div class="test-list-tools">
<ul class="tools pull-left"><li><a href=""><span class="font-size-14">Category</span></a></li></ul>
<ul class="tools text-right"><li><a href="#"><span class="badge badge-primary">3</span></a></li></ul>
</div>
<div class="test-list-wrapper scrollable">
<ul class="test-list-item">
<li class="test-item">
<div class="test-detail">
<span class="meta">
<span class='badge log badge-danger'>2</span>
</span>
<p class="name">@new</p>
<p class="duration text-sm">2 tests</p>
</div>
<div class="test-contents d-none">
<div class="info">
<h4>@new</h4>
<span status="fail" class='badge log badge-danger'>2 failed</span>
</div>
<table class='table table-sm mt-4'>
<thead>
<tr>
<th class="status-col">Status</th>
<th class="timestamp-col">Timestamp</th>
<th>TestName</th>
</tr>
</thead>
<tbody>
<tr class="tag-test-status" status="fail">
<td><span class="badge log fail-bg">Fail</span></td>
<td>13:25:11 PM</td>
<td>
<a href="#" class="linked" test-id='1' id='2'>Test Case 8 Verify All Products and product detail page</a>
<div class="">
<span class="badge badge-default">Test Cases 6, 7, 8, 9, 10 and 11.Test Case 8 Verify All Products and product detail page</span>
</div>
</td>
</tr>
<tr class="tag-test-status" status="fail">
<td><span class="badge log fail-bg">Fail</span></td>
<td>13:25:24 PM</td>
<td>
<a href="#" class="linked" test-id='19' id='20'>Test Case 19 View & Cart Brand Products</a>
<div class="">
<span class="badge badge-default">Test 17, Test 18, Test 19, Test 20 and Test 21.Test Case 19 View & Cart Brand Products</span>
</div>
</td>
</tr>
</tbody>
</table>
</div>
</li>
<li class="test-item">
<div class="test-detail">
<span class="meta">
<span class='badge log badge-danger'>2</span>
</span>
<p class="name">@Regression</p>
<p class="duration text-sm">2 tests</p>
</div>
<div class="test-contents d-none">
<div class="info">
<h4>@Regression</h4>
<span status="fail" class='badge log badge-danger'>2 failed</span>
</div>
<table class='table table-sm mt-4'>
<thead>
<tr>
<th class="status-col">Status</th>
<th class="timestamp-col">Timestamp</th>
<th>TestName</th>
</tr>
</thead>
<tbody>
<tr class="tag-test-status" status="fail">
<td><span class="badge log fail-bg">Fail</span></td>
<td>13:25:11 PM</td>
<td>
<a href="#" class="linked" test-id='1' id='2'>Test Case 8 Verify All Products and product detail page</a>
<div class="">
<span class="badge badge-default">Test Cases 6, 7, 8, 9, 10 and 11.Test Case 8 Verify All Products and product detail page</span>
</div>
</td>
</tr>
<tr class="tag-test-status" status="fail">
<td><span class="badge log fail-bg">Fail</span></td>
<td>13:25:24 PM</td>
<td>
<a href="#" class="linked" test-id='19' id='20'>Test Case 19 View & Cart Brand Products</a>
<div class="">
<span class="badge badge-default">Test 17, Test 18, Test 19, Test 20 and Test 21.Test Case 19 View & Cart Brand Products</span>
</div>
</td>
</tr>
</tbody>
</table>
</div>
</li>
<li class="test-item">
<div class="test-detail">
<span class="meta">
<span class='badge log badge-danger'>2</span>
</span>
<p class="name">@HU</p>
<p class="duration text-sm">2 tests</p>
</div>
<div class="test-contents d-none">
<div class="info">
<h4>@HU</h4>
<span status="fail" class='badge log badge-danger'>2 failed</span>
</div>
<table class='table table-sm mt-4'>
<thead>
<tr>
<th class="status-col">Status</th>
<th class="timestamp-col">Timestamp</th>
<th>TestName</th>
</tr>
</thead>
<tbody>
<tr class="tag-test-status" status="fail">
<td><span class="badge log fail-bg">Fail</span></td>
<td>13:25:11 PM</td>
<td>
<a href="#" class="linked" test-id='1' id='2'>Test Case 8 Verify All Products and product detail page</a>
<div class="">
<span class="badge badge-default">Test Cases 6, 7, 8, 9, 10 and 11.Test Case 8 Verify All Products and product detail page</span>
</div>
</td>
</tr>
<tr class="tag-test-status" status="fail">
<td><span class="badge log fail-bg">Fail</span></td>
<td>13:25:24 PM</td>
<td>
<a href="#" class="linked" test-id='19' id='20'>Test Case 19 View & Cart Brand Products</a>
<div class="">
<span class="badge badge-default">Test 17, Test 18, Test 19, Test 20 and Test 21.Test Case 19 View & Cart Brand Products</span>
</div>
</td>
</tr>
</tbody>
</table>
</div>
</li>
</ul>
</div>
</div>
<div class="test-content scrollable">
<div class="test-content-detail">
<div class="detail-body"></div>
</div>
</div>
</div><div class="test-wrapper row view exception-view attributes-view">
<div class="test-list">
<div class="test-list-tools">
<ul class="tools pull-left"><li><a href=""><span class="font-size-14">Exception</span></a></li></ul>
<ul class="tools text-right"><li><a href="#"><span class="badge badge-primary">2</span></a></li></ul>
</div>
<div class="test-list-wrapper scrollable">
<ul class="test-list-item">
<li class="test-item">
<div class="test-detail">
<span class="meta">
<span class='badge log badge-danger'>2</span>
</span>
<p class="name">org.openqa.selenium.NoSuchWindowException</p>
<p class="duration text-sm">2 tests</p>
</div>
<div class="test-contents d-none">
<div class="info">
<h4>org.openqa.selenium.NoSuchWindowException</h4>
<span status="fail" class='badge log badge-danger'>2 failed</span>
</div>
<table class='table table-sm mt-4'>
<thead>
<tr>
<th class="status-col">Status</th>
<th class="timestamp-col">Timestamp</th>
<th>TestName</th>
</tr>
</thead>
<tbody>
<tr class="tag-test-status" status="fail">
<td><span class="badge log fail-bg">Fail</span></td>
<td>13:25:46 PM</td>
<td>
<a href="#" class="linked" test-id='19' id='28'>And I verify that user is navigated to brand page "TEXT"</a>
<div class="">
<span class="badge badge-default">Test 17, Test 18, Test 19, Test 20 and Test 21.Test Case 19 View & Cart Brand Products.And I verify that user is navigated to brand page "TEXT"</span>
</div>
</td>
</tr>
<tr class="tag-test-status" status="fail">
<td><span class="badge log fail-bg">Fail</span></td>
<td>13:25:46 PM</td>
<td>
<a href="#" class="linked" test-id='19' id='31'>com.automation.exercise.steps.Hooks.tearDown(io.cucumber.java.Scenario)</a>
<div class="">
<span class="badge badge-default">Test 17, Test 18, Test 19, Test 20 and Test 21.Test Case 19 View & Cart Brand Products.com.automation.exercise.steps.Hooks.tearDown(io.cucumber.java.Scenario)</span>
</div>
</td>
</tr>
</tbody>
</table>
</div>
</li>
<li class="test-item">
<div class="test-detail">
<span class="meta">
<span class='badge log badge-danger'>1</span>
</span>
<p class="name">java.lang.AssertionError</p>
<p class="duration text-sm">1 tests</p>
</div>
<div class="test-contents d-none">
<div class="info">
<h4>java.lang.AssertionError</h4>
<span status="fail" class='badge log badge-danger'>1 failed</span>
</div>
<table class='table table-sm mt-4'>
<thead>
<tr>
<th class="status-col">Status</th>
<th class="timestamp-col">Timestamp</th>
<th>TestName</th>
</tr>
</thead>
<tbody>
<tr class="tag-test-status" status="fail">
<td><span class="badge log fail-bg">Fail</span></td>
<td>13:25:22 PM</td>
<td>
<a href="#" class="linked" test-id='1' id='11'>And I user is landed to product detail page</a>
<div class="">
<span class="badge badge-default">Test Cases 6, 7, 8, 9, 10 and 11.Test Case 8 Verify All Products and product detail page.And I user is landed to product detail page</span>
</div>
</td>
</tr>
</tbody>
</table>
</div>
</li>
</ul>
</div>
</div>
<div class="test-content scrollable">
<div class="test-content-detail">
<div class="detail-body"></div>
</div>
</div>
</div>        </div>
      </div>
    </div>
  </div>
<script src="https://cdn.jsdelivr.net/gh/extent-framework/extent-github-cdn@d6562a79075e061305ccfdb82f01e5e195e2d307/spark/js/spark-script.js"></script>
<script type="text/javascript"></script></body>
</html>